Using pre-set license
Built from '2022.3/staging' branch; Version is '2022.3.10f1 (ff3792e53c62) revision 16725906'; Using compiler version '192829333'; Build Type 'Release'
OS: 'Windows 11  (10.0.22631) 64bit Professional' Language: 'fr' Physical Memory: 32468 MB
BatchMode: 1, IsHumanControllingUs: 0, StartBugReporterOnCrash: 0, Is64bit: 1, IsPro: 1

COMMAND LINE ARGUMENTS:
C:\Program Files\Unity\Hub\Editor\2022.3.10f1\Editor\Unity.exe
-adb2
-batchMode
-noUpm
-name
AssetImportWorker0
-projectPath
C:/Users/Loic/Documents/GitHub/SEPHIRA-03/SEPHIRA-03/Collectables_Unity-MAHEO-Loick
-logFile
Logs/AssetImportWorker0.log
-srvPort
58061
Successfully changed project path to: C:/Users/Loic/Documents/GitHub/SEPHIRA-03/SEPHIRA-03/Collectables_Unity-MAHEO-Loick
C:/Users/Loic/Documents/GitHub/SEPHIRA-03/SEPHIRA-03/Collectables_Unity-MAHEO-Loick
[UnityMemory] Configuration Parameters - Can be set up in boot.config
    "memorysetup-bucket-allocator-granularity=16"
    "memorysetup-bucket-allocator-bucket-count=8"
    "memorysetup-bucket-allocator-block-size=33554432"
    "memorysetup-bucket-allocator-block-count=8"
    "memorysetup-main-allocator-block-size=16777216"
    "memorysetup-thread-allocator-block-size=16777216"
    "memorysetup-gfx-main-allocator-block-size=16777216"
    "memorysetup-gfx-thread-allocator-block-size=16777216"
    "memorysetup-cache-allocator-block-size=4194304"
    "memorysetup-typetree-allocator-block-size=2097152"
    "memorysetup-profiler-bucket-allocator-granularity=16"
    "memorysetup-profiler-bucket-allocator-bucket-count=8"
    "memorysetup-profiler-bucket-allocator-block-size=33554432"
    "memorysetup-profiler-bucket-allocator-block-count=8"
    "memorysetup-profiler-allocator-block-size=16777216"
    "memorysetup-profiler-editor-allocator-block-size=1048576"
    "memorysetup-temp-allocator-size-main=16777216"
    "memorysetup-job-temp-allocator-block-size=2097152"
    "memorysetup-job-temp-allocator-block-size-background=1048576"
    "memorysetup-job-temp-allocator-reduction-small-platforms=262144"
    "memorysetup-allocator-temp-initial-block-size-main=262144"
    "memorysetup-allocator-temp-initial-block-size-worker=262144"
    "memorysetup-temp-allocator-size-background-worker=32768"
    "memorysetup-temp-allocator-size-job-worker=262144"
    "memorysetup-temp-allocator-size-preload-manager=33554432"
    "memorysetup-temp-allocator-size-nav-mesh-worker=65536"
    "memorysetup-temp-allocator-size-audio-worker=65536"
    "memorysetup-temp-allocator-size-cloud-worker=32768"
    "memorysetup-temp-allocator-size-gi-baking-worker=262144"
    "memorysetup-temp-allocator-size-gfx=262144"
Player connection [42140] Host "[IP] 192.168.1.11 [Port] 0 [Flags] 2 [Guid] 3861463611 [EditorId] 3861463611 [Version] 1048832 [Id] WindowsEditor(7,MSI) [Debug] 1 [PackageName] WindowsEditor [ProjectName] Editor" joined multi-casting on [225.0.0.222:54997]...

Player connection [42140] Host "[IP] 192.168.1.11 [Port] 0 [Flags] 2 [Guid] 3861463611 [EditorId] 3861463611 [Version] 1048832 [Id] WindowsEditor(7,MSI) [Debug] 1 [PackageName] WindowsEditor [ProjectName] Editor" joined alternative multi-casting on [225.0.0.222:34997]...

[Physics::Module] Initialized MultithreadedJobDispatcher with 19 workers.
Refreshing native plugins compatible for Editor in 10.34 ms, found 3 plugins.
Preloading 0 native plugins for Editor in 0.00 ms.
Initialize engine version: 2022.3.10f1 (ff3792e53c62)
[Subsystems] Discovering subsystems at path C:/Program Files/Unity/Hub/Editor/2022.3.10f1/Editor/Data/Resources/UnitySubsystems
[Subsystems] Discovering subsystems at path C:/Users/Loic/Documents/GitHub/SEPHIRA-03/SEPHIRA-03/Collectables_Unity-MAHEO-Loick/Assets
GfxDevice: creating device client; threaded=0; jobified=0
Direct3D:
    Version:  Direct3D 11.0 [level 11.1]
    Renderer: NVIDIA GeForce RTX 3080 Laptop GPU (ID=0x249c)
    Vendor:   NVIDIA
    VRAM:     8032 MB
    Driver:   31.0.15.4665
Initialize mono
Mono path[0] = 'C:/Program Files/Unity/Hub/Editor/2022.3.10f1/Editor/Data/Managed'
Mono path[1] = 'C:/Program Files/Unity/Hub/Editor/2022.3.10f1/Editor/Data/MonoBleedingEdge/lib/mono/unityjit-win32'
Mono config path = 'C:/Program Files/Unity/Hub/Editor/2022.3.10f1/Editor/Data/MonoBleedingEdge/etc'
Using monoOptions --debugger-agent=transport=dt_socket,embedding=1,server=y,suspend=n,address=127.0.0.1:56820
Begin MonoManager ReloadAssembly
Registering precompiled unity dll's ...
Register platform support module: C:/Program Files/Unity/Hub/Editor/2022.3.10f1/Editor/Data/PlaybackEngines/WindowsStandaloneSupport/UnityEditor.WindowsStandalone.Extensions.dll
Registered in 0.010356 seconds.
- Loaded All Assemblies, in  0.415 seconds
Native extension for WindowsStandalone target not found
Mono: successfully reloaded assembly
- Finished resetting the current domain, in  0.264 seconds
Domain Reload Profiling: 677ms
	BeginReloadAssembly (131ms)
		ExecutionOrderSort (0ms)
		DisableScriptedObjects (0ms)
		BackupInstance (0ms)
		ReleaseScriptingObjects (0ms)
		CreateAndSetChildDomain (1ms)
	RebuildCommonClasses (40ms)
	RebuildNativeTypeToScriptingClass (14ms)
	initialDomainReloadingComplete (73ms)
	LoadAllAssembliesAndSetupDomain (154ms)
		LoadAssemblies (129ms)
		RebuildTransferFunctionScriptingTraits (0ms)
		AnalyzeDomain (151ms)
			TypeCache.Refresh (150ms)
				TypeCache.ScanAssembly (137ms)
			ScanForSourceGeneratedMonoScriptInfo (0ms)
			ResolveRequiredComponents (0ms)
	FinalizeReload (264ms)
		ReleaseScriptCaches (0ms)
		RebuildScriptCaches (0ms)
		SetupLoadedEditorAssemblies (205ms)
			LogAssemblyErrors (0ms)
			InitializePlatformSupportModulesInManaged (9ms)
			SetLoadedEditorAssemblies (8ms)
			RefreshPlugins (0ms)
			BeforeProcessingInitializeOnLoad (2ms)
			ProcessInitializeOnLoadAttributes (135ms)
			ProcessInitializeOnLoadMethodAttributes (50ms)
			AfterProcessingInitializeOnLoad (0ms)
			EditorAssembliesLoaded (0ms)
		ExecutionOrderSort2 (0ms)
		AwakeInstancesAfterBackupRestoration (0ms)
========================================================================
Worker process is ready to serve import requests
Begin MonoManager ReloadAssembly
- Loaded All Assemblies, in  0.721 seconds
Refreshing native plugins compatible for Editor in 3.70 ms, found 3 plugins.
Native extension for WindowsStandalone target not found
Package Manager log level set to [2]
[Package Manager] Server::EnsureServerProcessIsRunning -- launch failed, reason: Unity was launched with the -noUpm command-line argument
[Package Manager] UpmClient::Send -- Unable to send message (not connected to UPM process).
[Package Manager] Cannot connect to Unity Package Manager local server
Mono: successfully reloaded assembly
- Finished resetting the current domain, in  0.649 seconds
Domain Reload Profiling: 1366ms
	BeginReloadAssembly (174ms)
		ExecutionOrderSort (0ms)
		DisableScriptedObjects (6ms)
		BackupInstance (0ms)
		ReleaseScriptingObjects (0ms)
		CreateAndSetChildDomain (23ms)
	RebuildCommonClasses (45ms)
	RebuildNativeTypeToScriptingClass (11ms)
	initialDomainReloadingComplete (48ms)
	LoadAllAssembliesAndSetupDomain (439ms)
		LoadAssemblies (354ms)
		RebuildTransferFunctionScriptingTraits (0ms)
		AnalyzeDomain (191ms)
			TypeCache.Refresh (169ms)
				TypeCache.ScanAssembly (154ms)
			ScanForSourceGeneratedMonoScriptInfo (15ms)
			ResolveRequiredComponents (4ms)
	FinalizeReload (649ms)
		ReleaseScriptCaches (0ms)
		RebuildScriptCaches (0ms)
		SetupLoadedEditorAssemblies (474ms)
			LogAssemblyErrors (0ms)
			InitializePlatformSupportModulesInManaged (8ms)
			SetLoadedEditorAssemblies (4ms)
			RefreshPlugins (0ms)
			BeforeProcessingInitializeOnLoad (71ms)
			ProcessInitializeOnLoadAttributes (364ms)
			ProcessInitializeOnLoadMethodAttributes (21ms)
			AfterProcessingInitializeOnLoad (7ms)
			EditorAssembliesLoaded (0ms)
		ExecutionOrderSort2 (0ms)
		AwakeInstancesAfterBackupRestoration (7ms)
Launched and connected shader compiler UnityShaderCompiler.exe after 0.07 seconds
Refreshing native plugins compatible for Editor in 7.84 ms, found 3 plugins.
Preloading 0 native plugins for Editor in 0.00 ms.
Unloading 3125 Unused Serialized files (Serialized files now loaded: 0)
Unloading 31 unused Assets / (56.4 KB). Loaded Objects now: 3590.
Memory consumption went from 119.8 MB to 119.8 MB.
Total: 6.438400 ms (FindLiveObjects: 0.329700 ms CreateObjectMapping: 0.362100 ms MarkObjects: 5.566200 ms  DeleteObjects: 0.178200 ms)

AssetImportParameters requested are different than current active one (requested -> active):
  custom:container-demuxer-ogg: 62fdf1f143b41e24485cea50d1cbac27 -> 
  custom:video-decoder-ogg-theora: a1e56fd34408186e4bbccfd4996cb3dc -> 
  custom:framework-win-MediaFoundation: 216162199b28c13a410421893ffa2e32 -> 
  custom:container-demuxer-webm: 4f35f7cbe854078d1ac9338744f61a02 -> 
  custom:container-muxer-webm: aa71ff27fc2769a1b78a27578f13a17b -> 
  custom:video-decoder-webm-vp8: 9c59270c3fd7afecdb556c50c9e8de78 -> 
  custom:SearchIndexIgnoredProperties: e643bd26f0fe6173181afceb89e7c659 -> 
  custom:AudioImporter_EditorPlatform: d09bf68614088b80899f8185d706f6e7 -> 
  custom:video-encoder-webm-vp8: eb34c28f22e8b96e1ab97ce403110664 -> 
  custom:audio-decoder-ogg-vorbis: bf7c407c2cedff20999df2af8eb42d56 -> 
  custom:audio-encoder-webm-vorbis: bf7c407c2cedff20999df2af8eb42d56 -> 
========================================================================
Received Import Request.
  Time since last request: 101506.492429 seconds.
  path: Assets/Scenes
  artifactKey: Guid(4f13d4d9224eca34c950e4097dec0d8d) Importer(815301076,1909f56bfc062723c751e8b465ee728b)
Start importing Assets/Scenes using Guid(4f13d4d9224eca34c950e4097dec0d8d) Importer(815301076,1909f56bfc062723c751e8b465ee728b)  -> (artifact id: '98bf12562c9f901417cdfe0773bf578a') in 0.005560 seconds
Number of updated asset objects reloaded before import = 0
Number of asset objects unloaded after import = 0
========================================================================
Received Import Request.
  Time since last request: 0.000049 seconds.
  path: Assets/Scenes/Scene2.unity
  artifactKey: Guid(bc22b5f7f27d872418b79fcf3cda9a03) Importer(815301076,1909f56bfc062723c751e8b465ee728b)
Start importing Assets/Scenes/Scene2.unity using Guid(bc22b5f7f27d872418b79fcf3cda9a03) Importer(815301076,1909f56bfc062723c751e8b465ee728b)  -> (artifact id: 'a1fd1c82d1f7fdba589a69c57e62fc74') in 0.001172 seconds
Number of updated asset objects reloaded before import = 0
Number of asset objects unloaded after import = 0
========================================================================
Received Import Request.
  Time since last request: 0.000160 seconds.
  path: Assets/Scenes/SampleScene.unity
  artifactKey: Guid(9fc0d4010bbf28b4594072e72b8655ab) Importer(815301076,1909f56bfc062723c751e8b465ee728b)
Start importing Assets/Scenes/SampleScene.unity using Guid(9fc0d4010bbf28b4594072e72b8655ab) Importer(815301076,1909f56bfc062723c751e8b465ee728b)  -> (artifact id: 'c646505e53b6100b4a693a7fd9d34aca') in 0.000897 seconds
Number of updated asset objects reloaded before import = 0
Number of asset objects unloaded after import = 0
========================================================================
Received Prepare
Refreshing native plugins compatible for Editor in 2.68 ms, found 3 plugins.
Preloading 0 native plugins for Editor in 0.00 ms.
Unloading 0 Unused Serialized files (Serialized files now loaded: 0)
Unloading 1 unused Assets / (0.8 KB). Loaded Objects now: 3590.
Memory consumption went from 67.2 MB to 67.2 MB.
Total: 2.843300 ms (FindLiveObjects: 0.206900 ms CreateObjectMapping: 0.100500 ms MarkObjects: 2.514300 ms  DeleteObjects: 0.020100 ms)

Prepare: number of updated asset objects reloaded= 0
AssetImportParameters requested are different than current active one (requested -> active):
  custom:container-demuxer-ogg: 62fdf1f143b41e24485cea50d1cbac27 -> 
  custom:video-decoder-ogg-theora: a1e56fd34408186e4bbccfd4996cb3dc -> 
  custom:framework-win-MediaFoundation: 216162199b28c13a410421893ffa2e32 -> 
  custom:CustomObjectIndexerAttribute: 756ad292c208cfabdd7b50bc23989ffe -> 
  custom:container-demuxer-webm: 4f35f7cbe854078d1ac9338744f61a02 -> 
  custom:container-muxer-webm: aa71ff27fc2769a1b78a27578f13a17b -> 
  custom:video-decoder-webm-vp8: 9c59270c3fd7afecdb556c50c9e8de78 -> 
  custom:SearchIndexIgnoredProperties: e643bd26f0fe6173181afceb89e7c659 -> 
  custom:AudioImporter_EditorPlatform: d09bf68614088b80899f8185d706f6e7 -> 
  custom:video-encoder-webm-vp8: eb34c28f22e8b96e1ab97ce403110664 -> 
  custom:audio-decoder-ogg-vorbis: bf7c407c2cedff20999df2af8eb42d56 -> 
  custom:audio-encoder-webm-vorbis: bf7c407c2cedff20999df2af8eb42d56 -> 
========================================================================
Received Import Request.
  Time since last request: 51.261271 seconds.
  path: Assets/Scenes/NatureMorte.unity
  artifactKey: Guid(fc87bd9f9a30c7f48bf38440eb96d2ef) Importer(815301076,1909f56bfc062723c751e8b465ee728b)
Start importing Assets/Scenes/NatureMorte.unity using Guid(fc87bd9f9a30c7f48bf38440eb96d2ef) Importer(815301076,1909f56bfc062723c751e8b465ee728b)  -> (artifact id: 'aedc0cdbc9fa0d5f359db3f38cced421') in 0.001093 seconds
Number of updated asset objects reloaded before import = 0
Number of asset objects unloaded after import = 0
========================================================================
Received Import Request.
  Time since last request: 228.504801 seconds.
  path: Assets/My Content/Collectibles.prefab
  artifactKey: Guid(ae7a35fc93d363849b568ccff7385d54) Importer(815301076,1909f56bfc062723c751e8b465ee728b)
Start importing Assets/My Content/Collectibles.prefab using Guid(ae7a35fc93d363849b568ccff7385d54) Importer(815301076,1909f56bfc062723c751e8b465ee728b)  -> (artifact id: '45af484fc1c118f221ca14cb987f4fa8') in 0.118424 seconds
Number of updated asset objects reloaded before import = 0
Number of asset objects unloaded after import = 11
========================================================================
Received Import Request.
  Time since last request: 3.402411 seconds.
  path: Assets/My Content
  artifactKey: Guid(83c1644218de80f47b803ffb5a25e173) Importer(815301076,1909f56bfc062723c751e8b465ee728b)
Start importing Assets/My Content using Guid(83c1644218de80f47b803ffb5a25e173) Importer(815301076,1909f56bfc062723c751e8b465ee728b)  -> (artifact id: 'ed3a778a4b76babaaf6cc2adc8156211') in 0.000439 seconds
Number of updated asset objects reloaded before import = 0
Number of asset objects unloaded after import = 0
========================================================================
Received Import Request.
  Time since last request: 8.907133 seconds.
  path: Assets/New Score Datas.asset
  artifactKey: Guid(d7ddc4bac250e1d4ca68caa537f7af54) Importer(815301076,1909f56bfc062723c751e8b465ee728b)
Start importing Assets/New Score Datas.asset using Guid(d7ddc4bac250e1d4ca68caa537f7af54) Importer(815301076,1909f56bfc062723c751e8b465ee728b)  -> (artifact id: 'be4c0bba29159c69c8bad5fc36f42dc8') in 0.000918 seconds
Number of updated asset objects reloaded before import = 0
Number of asset objects unloaded after import = 1
========================================================================
Received Import Request.
  Time since last request: 10.030048 seconds.
  path: Assets/NatureMorte
  artifactKey: Guid(eee52a40f6ecd934baa75bd92a68eab7) Importer(815301076,1909f56bfc062723c751e8b465ee728b)
Start importing Assets/NatureMorte using Guid(eee52a40f6ecd934baa75bd92a68eab7) Importer(815301076,1909f56bfc062723c751e8b465ee728b)  -> (artifact id: '7ffbe294fa2a590fdb6782211382441d') in 0.000554 seconds
Number of updated asset objects reloaded before import = 0
Number of asset objects unloaded after import = 0
========================================================================
Received Import Request.
  Time since last request: 84.918634 seconds.
  path: Assets/NatureMorte/Apple.FBX
  artifactKey: Guid(9c6873d7667fce44e937722d7093bead) Importer(815301076,1909f56bfc062723c751e8b465ee728b)
Start importing Assets/NatureMorte/Apple.FBX using Guid(9c6873d7667fce44e937722d7093bead) Importer(815301076,1909f56bfc062723c751e8b465ee728b)  -> (artifact id: '5a2756e1297b5a5113c6a7578d81ae14') in 0.097462 seconds
Number of updated asset objects reloaded before import = 0
Number of asset objects unloaded after import = 16
========================================================================
Received Import Request.
  Time since last request: 0.000033 seconds.
  path: Assets/NatureMorte/Pavement_SmallMoss_height.png
  artifactKey: Guid(3be136044ec22c040abd384de212f4ce) Importer(815301076,1909f56bfc062723c751e8b465ee728b)
Start importing Assets/NatureMorte/Pavement_SmallMoss_height.png using Guid(3be136044ec22c040abd384de212f4ce) Importer(815301076,1909f56bfc062723c751e8b465ee728b)  -> (artifact id: 'cd6a229ecda56f768c96f1bf5f068c02') in 0.035026 seconds
Number of updated asset objects reloaded before import = 0
Number of asset objects unloaded after import = 2
========================================================================
Received Import Request.
  Time since last request: 0.000262 seconds.
  path: Assets/NatureMorte/Pavement_SmallMoss_Albedo.png
  artifactKey: Guid(ddcfa5077a745904d88eedc813073f5c) Importer(815301076,1909f56bfc062723c751e8b465ee728b)
Start importing Assets/NatureMorte/Pavement_SmallMoss_Albedo.png using Guid(ddcfa5077a745904d88eedc813073f5c) Importer(815301076,1909f56bfc062723c751e8b465ee728b)  -> (artifact id: '783015fd864bbea60296b2d51c0f6153') in 0.031390 seconds
Number of updated asset objects reloaded before import = 0
Number of asset objects unloaded after import = 2
========================================================================
Received Import Request.
  Time since last request: 0.000024 seconds.
  path: Assets/NatureMorte/Metal_Albedo.tif
  artifactKey: Guid(8fa77dc4b6e92a94080e990d519e97ed) Importer(815301076,1909f56bfc062723c751e8b465ee728b)
Start importing Assets/NatureMorte/Metal_Albedo.tif using Guid(8fa77dc4b6e92a94080e990d519e97ed) Importer(815301076,1909f56bfc062723c751e8b465ee728b)  -> (artifact id: 'd6c7584086c9bb5ee6aab9c2d03a653a') in 0.022870 seconds
Number of updated asset objects reloaded before import = 0
Number of asset objects unloaded after import = 2
========================================================================
Received Import Request.
  Time since last request: 0.000023 seconds.
  path: Assets/NatureMorte/Mug_Albedo.png
  artifactKey: Guid(e6bef13e2cf17aa4ab31a42fe71b7b37) Importer(815301076,1909f56bfc062723c751e8b465ee728b)
Start importing Assets/NatureMorte/Mug_Albedo.png using Guid(e6bef13e2cf17aa4ab31a42fe71b7b37) Importer(815301076,1909f56bfc062723c751e8b465ee728b)  -> (artifact id: 'cda1c8ee926bdff4621c1e7ccd882e63') in 0.022166 seconds
Number of updated asset objects reloaded before import = 0
Number of asset objects unloaded after import = 2
========================================================================
Received Import Request.
  Time since last request: 0.000049 seconds.
  path: Assets/NatureMorte/Plastic_Normal.tif
  artifactKey: Guid(4a41fab4e5f93f940a53a581d6ccd987) Importer(815301076,1909f56bfc062723c751e8b465ee728b)
Start importing Assets/NatureMorte/Plastic_Normal.tif using Guid(4a41fab4e5f93f940a53a581d6ccd987) Importer(815301076,1909f56bfc062723c751e8b465ee728b)  -> (artifact id: '9942e5ecfa2b50eb63b0604336456bb5') in 0.025600 seconds
Number of updated asset objects reloaded before import = 0
Number of asset objects unloaded after import = 2
========================================================================
Received Import Request.
  Time since last request: 0.000019 seconds.
  path: Assets/NatureMorte/Kettle_C.png
  artifactKey: Guid(43985f05c2f0d374cbd694c9b54ae81c) Importer(815301076,1909f56bfc062723c751e8b465ee728b)
Start importing Assets/NatureMorte/Kettle_C.png using Guid(43985f05c2f0d374cbd694c9b54ae81c) Importer(815301076,1909f56bfc062723c751e8b465ee728b)  -> (artifact id: 'b13f2dddabbea1b2d9ba680a4892b4cc') in 0.022708 seconds
Number of updated asset objects reloaded before import = 0
Number of asset objects unloaded after import = 2
========================================================================
Received Import Request.
  Time since last request: 0.000064 seconds.
  path: Assets/NatureMorte/Concrete_1_AmbientOcclusion.png
  artifactKey: Guid(f2a8efe2848a0ad44999c0ffb0f03b86) Importer(815301076,1909f56bfc062723c751e8b465ee728b)
Start importing Assets/NatureMorte/Concrete_1_AmbientOcclusion.png using Guid(f2a8efe2848a0ad44999c0ffb0f03b86) Importer(815301076,1909f56bfc062723c751e8b465ee728b)  -> (artifact id: 'd33ba793a400568c0907d3e4373cb170') in 0.020868 seconds
Number of updated asset objects reloaded before import = 0
Number of asset objects unloaded after import = 2
========================================================================
Received Import Request.
  Time since last request: 0.000062 seconds.
  path: Assets/NatureMorte/Concrete_1_Normal.png
  artifactKey: Guid(6554eda4c45f8344a89db2798009c31e) Importer(815301076,1909f56bfc062723c751e8b465ee728b)
Start importing Assets/NatureMorte/Concrete_1_Normal.png using Guid(6554eda4c45f8344a89db2798009c31e) Importer(815301076,1909f56bfc062723c751e8b465ee728b)  -> (artifact id: '23a0423c3cb2e5acd0311dcda244ed2f') in 0.022457 seconds
Number of updated asset objects reloaded before import = 0
Number of asset objects unloaded after import = 2
========================================================================
Received Import Request.
  Time since last request: 0.000032 seconds.
  path: Assets/NatureMorte/Mug_AmbientOcclusion.png
  artifactKey: Guid(8840851edd836c546938bf7d83af7e86) Importer(815301076,1909f56bfc062723c751e8b465ee728b)
Start importing Assets/NatureMorte/Mug_AmbientOcclusion.png using Guid(8840851edd836c546938bf7d83af7e86) Importer(815301076,1909f56bfc062723c751e8b465ee728b)  -> (artifact id: 'dbcf454957d0e6c65e316767290276c5') in 0.020091 seconds
Number of updated asset objects reloaded before import = 0
Number of asset objects unloaded after import = 2
========================================================================
Received Import Request.
  Time since last request: 0.000021 seconds.
  path: Assets/NatureMorte/Plastic_Albedo.tif
  artifactKey: Guid(c7cbb846fc5b4ef478e51e92bb891f75) Importer(815301076,1909f56bfc062723c751e8b465ee728b)
Start importing Assets/NatureMorte/Plastic_Albedo.tif using Guid(c7cbb846fc5b4ef478e51e92bb891f75) Importer(815301076,1909f56bfc062723c751e8b465ee728b)  -> (artifact id: '31b9d7510ea3a779e0456b7dad5a0d0f') in 0.020710 seconds
Number of updated asset objects reloaded before import = 0
Number of asset objects unloaded after import = 2
========================================================================
Received Import Request.
  Time since last request: 0.000024 seconds.
  path: Assets/NatureMorte/Pavement_SmallMoss_AO.png
  artifactKey: Guid(6fcb4364de16c6b40928ff9d0720b6b9) Importer(815301076,1909f56bfc062723c751e8b465ee728b)
Start importing Assets/NatureMorte/Pavement_SmallMoss_AO.png using Guid(6fcb4364de16c6b40928ff9d0720b6b9) Importer(815301076,1909f56bfc062723c751e8b465ee728b)  -> (artifact id: '9ea4cc91b71f441a64664abf67084c1b') in 0.023542 seconds
Number of updated asset objects reloaded before import = 0
Number of asset objects unloaded after import = 2
========================================================================
Received Import Request.
  Time since last request: 0.000066 seconds.
  path: Assets/NatureMorte/Kettle_A.png
  artifactKey: Guid(128552139fdfc714fa9b7180cf9a6b7e) Importer(815301076,1909f56bfc062723c751e8b465ee728b)
Start importing Assets/NatureMorte/Kettle_A.png using Guid(128552139fdfc714fa9b7180cf9a6b7e) Importer(815301076,1909f56bfc062723c751e8b465ee728b)  -> (artifact id: 'b71b35b4a16c5ae5d99ddbb345fbe1a8') in 0.020477 seconds
Number of updated asset objects reloaded before import = 0
Number of asset objects unloaded after import = 2
========================================================================
Received Import Request.
  Time since last request: 0.000083 seconds.
  path: Assets/NatureMorte/Kettle_B.png
  artifactKey: Guid(739095b8884c81f44876bb6901432552) Importer(815301076,1909f56bfc062723c751e8b465ee728b)
Start importing Assets/NatureMorte/Kettle_B.png using Guid(739095b8884c81f44876bb6901432552) Importer(815301076,1909f56bfc062723c751e8b465ee728b)  -> (artifact id: '6fc0cc95347a47d7368be79b86b8b9c6') in 0.021736 seconds
Number of updated asset objects reloaded before import = 0
Number of asset objects unloaded after import = 2
========================================================================
Received Import Request.
  Time since last request: 0.000021 seconds.
  path: Assets/NatureMorte/Mug.fbx
  artifactKey: Guid(01ef9151bd75d2f49925625bd6da8412) Importer(815301076,1909f56bfc062723c751e8b465ee728b)
Start importing Assets/NatureMorte/Mug.fbx using Guid(01ef9151bd75d2f49925625bd6da8412) Importer(815301076,1909f56bfc062723c751e8b465ee728b)  -> (artifact id: 'a81145999b688f02e918401218e44383') in 0.028719 seconds
Number of updated asset objects reloaded before import = 0
Number of asset objects unloaded after import = 9
========================================================================
Received Import Request.
  Time since last request: 0.000020 seconds.
  path: Assets/NatureMorte/Pavement_SmallMoss_normal.png
  artifactKey: Guid(16c51daa2d63dc54aa433684e68e6a51) Importer(815301076,1909f56bfc062723c751e8b465ee728b)
Start importing Assets/NatureMorte/Pavement_SmallMoss_normal.png using Guid(16c51daa2d63dc54aa433684e68e6a51) Importer(815301076,1909f56bfc062723c751e8b465ee728b)  -> (artifact id: '78e2d1fcead78f3d3189fe067800e90d') in 0.022898 seconds
Number of updated asset objects reloaded before import = 0
Number of asset objects unloaded after import = 2
========================================================================
Received Import Request.
  Time since last request: 0.000193 seconds.
  path: Assets/NatureMorte/Lemon.FBX
  artifactKey: Guid(0fba6e27eca26b14185c672c2c2212e4) Importer(815301076,1909f56bfc062723c751e8b465ee728b)
Start importing Assets/NatureMorte/Lemon.FBX using Guid(0fba6e27eca26b14185c672c2c2212e4) Importer(815301076,1909f56bfc062723c751e8b465ee728b)  -> (artifact id: '76f222b4abe421d807cabd9e7c708271') in 0.026099 seconds
Number of updated asset objects reloaded before import = 0
Number of asset objects unloaded after import = 8
========================================================================
Received Import Request.
  Time since last request: 0.000200 seconds.
  path: Assets/NatureMorte/Mug_MetallicSmoothness.png
  artifactKey: Guid(d5c2ecb160f79624bb305dfb942b9fb8) Importer(815301076,1909f56bfc062723c751e8b465ee728b)
Start importing Assets/NatureMorte/Mug_MetallicSmoothness.png using Guid(d5c2ecb160f79624bb305dfb942b9fb8) Importer(815301076,1909f56bfc062723c751e8b465ee728b)  -> (artifact id: '20872bca7fe10eb9da92911b6555c592') in 0.020028 seconds
Number of updated asset objects reloaded before import = 0
Number of asset objects unloaded after import = 2
========================================================================
Received Import Request.
  Time since last request: 0.000021 seconds.
  path: Assets/NatureMorte/Metal_Normal.tif
  artifactKey: Guid(fc1284d3368f0f94eb5998df37ee3bf9) Importer(815301076,1909f56bfc062723c751e8b465ee728b)
Start importing Assets/NatureMorte/Metal_Normal.tif using Guid(fc1284d3368f0f94eb5998df37ee3bf9) Importer(815301076,1909f56bfc062723c751e8b465ee728b)  -> (artifact id: '2fe1e15e4719e320f54757d8404fb700') in 0.021778 seconds
Number of updated asset objects reloaded before import = 0
Number of asset objects unloaded after import = 2
========================================================================
Received Import Request.
  Time since last request: 0.000021 seconds.
  path: Assets/NatureMorte/Kettle_E.png
  artifactKey: Guid(6cfe5a09c9655a145a60307a6cc819d4) Importer(815301076,1909f56bfc062723c751e8b465ee728b)
Start importing Assets/NatureMorte/Kettle_E.png using Guid(6cfe5a09c9655a145a60307a6cc819d4) Importer(815301076,1909f56bfc062723c751e8b465ee728b)  -> (artifact id: 'a2d2be8dd612fa04fd72efc881b4a829') in 0.026385 seconds
Number of updated asset objects reloaded before import = 0
Number of asset objects unloaded after import = 2
========================================================================
Received Import Request.
  Time since last request: 0.000200 seconds.
  path: Assets/NatureMorte/Kettle.fbx
  artifactKey: Guid(518aa6f3c032c4e439e925736dace432) Importer(815301076,1909f56bfc062723c751e8b465ee728b)
Start importing Assets/NatureMorte/Kettle.fbx using Guid(518aa6f3c032c4e439e925736dace432) Importer(815301076,1909f56bfc062723c751e8b465ee728b)  -> (artifact id: 'e7d7536619e186ab2ee1886de07f090f') in 0.041636 seconds
Number of updated asset objects reloaded before import = 0
Number of asset objects unloaded after import = 9
========================================================================
Received Import Request.
  Time since last request: 0.000018 seconds.
  path: Assets/NatureMorte/Concrete_1_Albedo.png
  artifactKey: Guid(f063cb22f1808fb4cb9903e4a259ede1) Importer(815301076,1909f56bfc062723c751e8b465ee728b)
Start importing Assets/NatureMorte/Concrete_1_Albedo.png using Guid(f063cb22f1808fb4cb9903e4a259ede1) Importer(815301076,1909f56bfc062723c751e8b465ee728b)  -> (artifact id: 'ed7594a5b7af63ee2a019f90492827f0') in 0.021168 seconds
Number of updated asset objects reloaded before import = 0
Number of asset objects unloaded after import = 2
========================================================================
Received Import Request.
  Time since last request: 17.380090 seconds.
  path: Assets/NatureMorte/table.fbx
  artifactKey: Guid(af068eb003522a64d858e48f804e0118) Importer(815301076,1909f56bfc062723c751e8b465ee728b)
Start importing Assets/NatureMorte/table.fbx using Guid(af068eb003522a64d858e48f804e0118) Importer(815301076,1909f56bfc062723c751e8b465ee728b)  -> (artifact id: '7125857bbaefbb3d5f03678cc32fc8a7') in 0.095672 seconds
Number of updated asset objects reloaded before import = 0
Number of asset objects unloaded after import = 36
========================================================================
Received Import Request.
  Time since last request: 351.097194 seconds.
  path: Assets/NatureMorte/Concrete.mat
  artifactKey: Guid(bcf8773787334434fae21d27149a84f2) Importer(815301076,1909f56bfc062723c751e8b465ee728b)
Start importing Assets/NatureMorte/Concrete.mat using Guid(bcf8773787334434fae21d27149a84f2) Importer(815301076,1909f56bfc062723c751e8b465ee728b)  -> (artifact id: '30f9b76fa130d018f15ac28908402c92') in 0.022581 seconds
Number of updated asset objects reloaded before import = 0
Number of asset objects unloaded after import = 1
========================================================================
Received Import Request.
  Time since last request: 36.223124 seconds.
  path: Assets/NatureMorte/Concrete_1_Normal.png
  artifactKey: Guid(6554eda4c45f8344a89db2798009c31e) Importer(815301076,1909f56bfc062723c751e8b465ee728b)
Start importing Assets/NatureMorte/Concrete_1_Normal.png using Guid(6554eda4c45f8344a89db2798009c31e) Importer(815301076,1909f56bfc062723c751e8b465ee728b)  -> (artifact id: '75622c1562e7f507f11073eb6091ed5b') in 0.028854 seconds
Number of updated asset objects reloaded before import = 0
Number of asset objects unloaded after import = 2
========================================================================
Received Import Request.
  Time since last request: 52.836887 seconds.
  path: Assets/NatureMorte/Fruit_Parent.mat
  artifactKey: Guid(44c8bfea7de125d40b6d9671f52c1569) Importer(815301076,1909f56bfc062723c751e8b465ee728b)
Start importing Assets/NatureMorte/Fruit_Parent.mat using Guid(44c8bfea7de125d40b6d9671f52c1569) Importer(815301076,1909f56bfc062723c751e8b465ee728b)  -> (artifact id: 'e7cabb243d62c4b2496b09a96686cc46') in 0.014691 seconds
Number of updated asset objects reloaded before import = 0
Number of asset objects unloaded after import = 1
========================================================================
Received Import Request.
  Time since last request: 144.288662 seconds.
  path: Assets/NatureMorte/Apple.mat
  artifactKey: Guid(44c8bfea7de125d40b6d9671f52c1569) Importer(815301076,1909f56bfc062723c751e8b465ee728b)
Start importing Assets/NatureMorte/Apple.mat using Guid(44c8bfea7de125d40b6d9671f52c1569) Importer(815301076,1909f56bfc062723c751e8b465ee728b)  -> (artifact id: '4749863979441a5f883006a0b78dc3ae') in 0.015871 seconds
Number of updated asset objects reloaded before import = 0
Number of asset objects unloaded after import = 1
========================================================================
Received Import Request.
  Time since last request: 154.864370 seconds.
  path: Assets/NatureMorte/Apple.mat
  artifactKey: Guid(44c8bfea7de125d40b6d9671f52c1569) Importer(815301076,1909f56bfc062723c751e8b465ee728b)
Start importing Assets/NatureMorte/Apple.mat using Guid(44c8bfea7de125d40b6d9671f52c1569) Importer(815301076,1909f56bfc062723c751e8b465ee728b)  -> (artifact id: 'de5ec9870ce2294f081017eab18663cc') in 0.020656 seconds
Number of updated asset objects reloaded before import = 0
Number of asset objects unloaded after import = 1
========================================================================
Received Import Request.
  Time since last request: 123.066681 seconds.
  path: Assets/NatureMorte/Apple 1.mat
  artifactKey: Guid(6ae92a6460b202443bf421af43e3180b) Importer(815301076,1909f56bfc062723c751e8b465ee728b)
Start importing Assets/NatureMorte/Apple 1.mat using Guid(6ae92a6460b202443bf421af43e3180b) Importer(815301076,1909f56bfc062723c751e8b465ee728b)  -> (artifact id: '377cb07dd0ef3a7926f3417a80d105f1') in 0.016234 seconds
Number of updated asset objects reloaded before import = 0
Number of asset objects unloaded after import = 1
========================================================================
Received Import Request.
  Time since last request: 4.620921 seconds.
  path: Assets/NatureMorte/Banana.mat
  artifactKey: Guid(b80a4db611657a043b5fa1ca3e7b93d4) Importer(815301076,1909f56bfc062723c751e8b465ee728b)
Start importing Assets/NatureMorte/Banana.mat using Guid(b80a4db611657a043b5fa1ca3e7b93d4) Importer(815301076,1909f56bfc062723c751e8b465ee728b)  -> (artifact id: 'bb57bbb26933884b42e4b0cca8bd0f60') in 0.015689 seconds
Number of updated asset objects reloaded before import = 0
Number of asset objects unloaded after import = 1
========================================================================
Received Import Request.
  Time since last request: 291.225914 seconds.
  path: Assets/NatureMorte/Banana.mat
  artifactKey: Guid(b80a4db611657a043b5fa1ca3e7b93d4) Importer(815301076,1909f56bfc062723c751e8b465ee728b)
Start importing Assets/NatureMorte/Banana.mat using Guid(b80a4db611657a043b5fa1ca3e7b93d4) Importer(815301076,1909f56bfc062723c751e8b465ee728b)  -> (artifact id: 'adbe3c22f3cbd2f21a54a2f1e85a7f53') in 0.021251 seconds
Number of updated asset objects reloaded before import = 0
Number of asset objects unloaded after import = 1
========================================================================
Received Import Request.
  Time since last request: 9.414676 seconds.
  path: Assets/NatureMorte/Glass.mat
  artifactKey: Guid(01dba8b5659c2d741830a75922e78a92) Importer(815301076,1909f56bfc062723c751e8b465ee728b)
Start importing Assets/NatureMorte/Glass.mat using Guid(01dba8b5659c2d741830a75922e78a92) Importer(815301076,1909f56bfc062723c751e8b465ee728b)  -> (artifact id: 'ca712107552042b012a0d9768fe8d5cd') in 0.014664 seconds
Number of updated asset objects reloaded before import = 0
Number of asset objects unloaded after import = 1
========================================================================
Received Import Request.
  Time since last request: 281.809173 seconds.
  path: Assets/NatureMorte/New Material.mat
  artifactKey: Guid(7eeedbaa621b775458c7602280842fbe) Importer(815301076,1909f56bfc062723c751e8b465ee728b)
Start importing Assets/NatureMorte/New Material.mat using Guid(7eeedbaa621b775458c7602280842fbe) Importer(815301076,1909f56bfc062723c751e8b465ee728b)  -> (artifact id: '87a21ff0c6848a18af5253bd243b2eef') in 0.014973 seconds
Number of updated asset objects reloaded before import = 0
Number of asset objects unloaded after import = 1
========================================================================
Received Import Request.
  Time since last request: 208.608670 seconds.
  path: Assets/NatureMorte/Glass.mat
  artifactKey: Guid(01dba8b5659c2d741830a75922e78a92) Importer(815301076,1909f56bfc062723c751e8b465ee728b)
Start importing Assets/NatureMorte/Glass.mat using Guid(01dba8b5659c2d741830a75922e78a92) Importer(815301076,1909f56bfc062723c751e8b465ee728b)  -> (artifact id: 'd1843d758e2aeb73707a26626decb746') in 0.237994 seconds
Number of updated asset objects reloaded before import = 0
Number of asset objects unloaded after import = 1
========================================================================
Received Import Request.
  Time since last request: 248.409540 seconds.
  path: Assets/NatureMorte/Banana 1.mat
  artifactKey: Guid(05c2580bbf8a5024baf8c10c2152e77d) Importer(815301076,1909f56bfc062723c751e8b465ee728b)
Start importing Assets/NatureMorte/Banana 1.mat using Guid(05c2580bbf8a5024baf8c10c2152e77d) Importer(815301076,1909f56bfc062723c751e8b465ee728b)  -> (artifact id: '8f2e2b9d5ed9feeeb274e1aeda57f39f') in 0.022918 seconds
Number of updated asset objects reloaded before import = 0
Number of asset objects unloaded after import = 1
========================================================================
Received Import Request.
  Time since last request: 7.290284 seconds.
  path: Assets/NatureMorte/Pear.mat
  artifactKey: Guid(05c2580bbf8a5024baf8c10c2152e77d) Importer(815301076,1909f56bfc062723c751e8b465ee728b)
Start importing Assets/NatureMorte/Pear.mat using Guid(05c2580bbf8a5024baf8c10c2152e77d) Importer(815301076,1909f56bfc062723c751e8b465ee728b)  -> (artifact id: '2b66990b5fd94c6a828ab5641095c46c') in 0.020305 seconds
Number of updated asset objects reloaded before import = 0
Number of asset objects unloaded after import = 1
========================================================================
Received Import Request.
  Time since last request: 65.836656 seconds.
  path: Assets/NatureMorte/Pear.mat
  artifactKey: Guid(05c2580bbf8a5024baf8c10c2152e77d) Importer(815301076,1909f56bfc062723c751e8b465ee728b)
Start importing Assets/NatureMorte/Pear.mat using Guid(05c2580bbf8a5024baf8c10c2152e77d) Importer(815301076,1909f56bfc062723c751e8b465ee728b)  -> (artifact id: 'f27fba0e7390127b12866e18401b7344') in 0.021405 seconds
Number of updated asset objects reloaded before import = 0
Number of asset objects unloaded after import = 1
========================================================================
Received Import Request.
  Time since last request: 18.046772 seconds.
  path: Assets/NatureMorte/Apple 2.mat
  artifactKey: Guid(bbd38b43b8789e440b588aeb4e5c184c) Importer(815301076,1909f56bfc062723c751e8b465ee728b)
Start importing Assets/NatureMorte/Apple 2.mat using Guid(bbd38b43b8789e440b588aeb4e5c184c) Importer(815301076,1909f56bfc062723c751e8b465ee728b)  -> (artifact id: '95c8b1d12536141b76c0c4e07b48ab0c') in 0.018307 seconds
Number of updated asset objects reloaded before import = 0
Number of asset objects unloaded after import = 1
========================================================================
Received Import Request.
  Time since last request: 8.632486 seconds.
  path: Assets/NatureMorte/Pear 2.mat
  artifactKey: Guid(bbd38b43b8789e440b588aeb4e5c184c) Importer(815301076,1909f56bfc062723c751e8b465ee728b)
Start importing Assets/NatureMorte/Pear 2.mat using Guid(bbd38b43b8789e440b588aeb4e5c184c) Importer(815301076,1909f56bfc062723c751e8b465ee728b)  -> (artifact id: '3cdb27f49451be322a48605abb453662') in 0.017432 seconds
Number of updated asset objects reloaded before import = 0
Number of asset objects unloaded after import = 1
========================================================================
Received Import Request.
  Time since last request: 96.095319 seconds.
  path: Assets/NatureMorte/Pear 1.mat
  artifactKey: Guid(c0723f434cbd36948b49e07c14b4a663) Importer(815301076,1909f56bfc062723c751e8b465ee728b)
Start importing Assets/NatureMorte/Pear 1.mat using Guid(c0723f434cbd36948b49e07c14b4a663) Importer(815301076,1909f56bfc062723c751e8b465ee728b)  -> (artifact id: 'da4cae8c0465242e0437bc31201304fe') in 0.025838 seconds
Number of updated asset objects reloaded before import = 0
Number of asset objects unloaded after import = 1
========================================================================
Received Import Request.
  Time since last request: 9.624292 seconds.
  path: Assets/NatureMorte/Kettle.mat
  artifactKey: Guid(c0723f434cbd36948b49e07c14b4a663) Importer(815301076,1909f56bfc062723c751e8b465ee728b)
Start importing Assets/NatureMorte/Kettle.mat using Guid(c0723f434cbd36948b49e07c14b4a663) Importer(815301076,1909f56bfc062723c751e8b465ee728b)  -> (artifact id: 'b5adac4861d4c05e61624139c5741b23') in 0.019447 seconds
Number of updated asset objects reloaded before import = 0
Number of asset objects unloaded after import = 1
========================================================================
Received Import Request.
  Time since last request: 61.843407 seconds.
  path: Assets/NatureMorte/Kettle_Normal.png
  artifactKey: Guid(887a6f49d54f55944829738ecbf1a58d) Importer(815301076,1909f56bfc062723c751e8b465ee728b)
Start importing Assets/NatureMorte/Kettle_Normal.png using Guid(887a6f49d54f55944829738ecbf1a58d) Importer(815301076,1909f56bfc062723c751e8b465ee728b)  -> (artifact id: 'a42b6cb1e665d54bcdd47b5745070cd1') in 0.021444 seconds
Number of updated asset objects reloaded before import = 0
Number of asset objects unloaded after import = 2
========================================================================
Received Import Request.
  Time since last request: 53.472273 seconds.
  path: Assets/NatureMorte/Mug.mat
  artifactKey: Guid(8c0a260a7161c73499273cc4383bc879) Importer(815301076,1909f56bfc062723c751e8b465ee728b)
Start importing Assets/NatureMorte/Mug.mat using Guid(8c0a260a7161c73499273cc4383bc879) Importer(815301076,1909f56bfc062723c751e8b465ee728b)  -> (artifact id: 'c708bdcbc26935f0afce8baa906c70e4') in 0.019037 seconds
Number of updated asset objects reloaded before import = 0
Number of asset objects unloaded after import = 1
========================================================================
Received Import Request.
  Time since last request: 72.611715 seconds.
  path: Assets/NatureMorte/Mug_Normal.png
  artifactKey: Guid(e8489f53c5dcbdc489143c86074c1af8) Importer(815301076,1909f56bfc062723c751e8b465ee728b)
Start importing Assets/NatureMorte/Mug_Normal.png using Guid(e8489f53c5dcbdc489143c86074c1af8) Importer(815301076,1909f56bfc062723c751e8b465ee728b)  -> (artifact id: 'b80a4dc7e9c0d817b02567ef23ce9777') in 0.031198 seconds
Number of updated asset objects reloaded before import = 0
Number of asset objects unloaded after import = 2
========================================================================
Received Import Request.
  Time since last request: 11.058827 seconds.
  path: Assets/NatureMorte/Glass.mat
  artifactKey: Guid(01dba8b5659c2d741830a75922e78a92) Importer(815301076,1909f56bfc062723c751e8b465ee728b)
Start importing Assets/NatureMorte/Glass.mat using Guid(01dba8b5659c2d741830a75922e78a92) Importer(815301076,1909f56bfc062723c751e8b465ee728b)  -> (artifact id: '17a1d0cf85a5e97f8787568ec3c47217') in 0.276143 seconds
Number of updated asset objects reloaded before import = 0
Number of asset objects unloaded after import = 3
========================================================================
Received Import Request.
  Time since last request: 123.056172 seconds.
  path: Assets/NatureMorte/Bowl.obj
  artifactKey: Guid(0aed49ac4f0f0f941a18415ae67c1f5b) Importer(815301076,1909f56bfc062723c751e8b465ee728b)
Start importing Assets/NatureMorte/Bowl.obj using Guid(0aed49ac4f0f0f941a18415ae67c1f5b) Importer(815301076,1909f56bfc062723c751e8b465ee728b)  -> (artifact id: '684cd3947def314f00385b0af77c2d9a') in 0.053597 seconds
Number of updated asset objects reloaded before import = 0
Number of asset objects unloaded after import = 10
========================================================================
Received Import Request.
  Time since last request: 71.721311 seconds.
  path: Assets/NatureMorte/bowl.obj
  artifactKey: Guid(0aed49ac4f0f0f941a18415ae67c1f5b) Importer(815301076,1909f56bfc062723c751e8b465ee728b)
Start importing Assets/NatureMorte/bowl.obj using Guid(0aed49ac4f0f0f941a18415ae67c1f5b) Importer(815301076,1909f56bfc062723c751e8b465ee728b)  -> (artifact id: '281de5c48573bcde025aaec13d14deb9') in 0.041841 seconds
Number of updated asset objects reloaded before import = 0
Number of asset objects unloaded after import = 10
========================================================================
Received Import Request.
  Time since last request: 0.000034 seconds.
  path: Assets/NatureMorte/Bowl_textureReflection.jpg
  artifactKey: Guid(735ec7ecdf9bac244995b67a07722fe0) Importer(815301076,1909f56bfc062723c751e8b465ee728b)
Start importing Assets/NatureMorte/Bowl_textureReflection.jpg using Guid(735ec7ecdf9bac244995b67a07722fe0) Importer(815301076,1909f56bfc062723c751e8b465ee728b)  -> (artifact id: '7b17d6f951780894d0aba6a28262587c') in 0.029206 seconds
Number of updated asset objects reloaded before import = 0
Number of asset objects unloaded after import = 2
========================================================================
Received Import Request.
  Time since last request: 246.409366 seconds.
  path: Assets/NatureMorte/Banana 1.mat
  artifactKey: Guid(7e21b60439dc08348acef80e7f4d0c55) Importer(815301076,1909f56bfc062723c751e8b465ee728b)
Start importing Assets/NatureMorte/Banana 1.mat using Guid(7e21b60439dc08348acef80e7f4d0c55) Importer(815301076,1909f56bfc062723c751e8b465ee728b)  -> (artifact id: '22ca9ba19f9927fd3433620d63d32dc9') in 0.024915 seconds
Number of updated asset objects reloaded before import = 0
Number of asset objects unloaded after import = 1
========================================================================
Received Import Request.
  Time since last request: 4.388674 seconds.
  path: Assets/NatureMorte/bOWL.mat
  artifactKey: Guid(7e21b60439dc08348acef80e7f4d0c55) Importer(815301076,1909f56bfc062723c751e8b465ee728b)
Start importing Assets/NatureMorte/bOWL.mat using Guid(7e21b60439dc08348acef80e7f4d0c55) Importer(815301076,1909f56bfc062723c751e8b465ee728b)  -> (artifact id: '7534ba70bbc951170de90e3c749dbe08') in 0.014602 seconds
Number of updated asset objects reloaded before import = 0
Number of asset objects unloaded after import = 1
========================================================================
Received Import Request.
  Time since last request: 6.551060 seconds.
  path: Assets/NatureMorte/Bowl.mat
  artifactKey: Guid(7e21b60439dc08348acef80e7f4d0c55) Importer(815301076,1909f56bfc062723c751e8b465ee728b)
Start importing Assets/NatureMorte/Bowl.mat using Guid(7e21b60439dc08348acef80e7f4d0c55) Importer(815301076,1909f56bfc062723c751e8b465ee728b)  -> (artifact id: '9ef7608a5d766e51a5774242a3b70dc1') in 0.012514 seconds
Number of updated asset objects reloaded before import = 0
Number of asset objects unloaded after import = 1
========================================================================
Received Import Request.
  Time since last request: 92.651473 seconds.
  path: Assets/NatureMorte/Banana 1.mat
  artifactKey: Guid(48c670034a734994385d119ce8d28cd1) Importer(815301076,1909f56bfc062723c751e8b465ee728b)
Start importing Assets/NatureMorte/Banana 1.mat using Guid(48c670034a734994385d119ce8d28cd1) Importer(815301076,1909f56bfc062723c751e8b465ee728b)  -> (artifact id: '5f073d422f9538b4f731b82ba0706ab6') in 0.018116 seconds
Number of updated asset objects reloaded before import = 0
Number of asset objects unloaded after import = 1
========================================================================
Received Import Request.
  Time since last request: 6.016178 seconds.
  path: Assets/NatureMorte/Plant.mat
  artifactKey: Guid(48c670034a734994385d119ce8d28cd1) Importer(815301076,1909f56bfc062723c751e8b465ee728b)
Start importing Assets/NatureMorte/Plant.mat using Guid(48c670034a734994385d119ce8d28cd1) Importer(815301076,1909f56bfc062723c751e8b465ee728b)  -> (artifact id: '392d7598912b260cb653840249ad56de') in 0.013318 seconds
Number of updated asset objects reloaded before import = 0
Number of asset objects unloaded after import = 1
========================================================================
Received Import Request.
  Time since last request: 20.182274 seconds.
  path: Assets/NatureMorte/Plant_Normal.png
  artifactKey: Guid(30dd8f96a0a1cc946900e93a35e2be0f) Importer(815301076,1909f56bfc062723c751e8b465ee728b)
Start importing Assets/NatureMorte/Plant_Normal.png using Guid(30dd8f96a0a1cc946900e93a35e2be0f) Importer(815301076,1909f56bfc062723c751e8b465ee728b)  -> (artifact id: '88f1dbdd49a5c72daf9bc408cc487ea1') in 0.021724 seconds
Number of updated asset objects reloaded before import = 0
Number of asset objects unloaded after import = 2
========================================================================
Received Import Request.
  Time since last request: 578.793922 seconds.
  path: Assets/NatureMorte/Banana 1.mat
  artifactKey: Guid(bc3675f9e8c5b1a4a8a3f6ec51f7067c) Importer(815301076,1909f56bfc062723c751e8b465ee728b)
Start importing Assets/NatureMorte/Banana 1.mat using Guid(bc3675f9e8c5b1a4a8a3f6ec51f7067c) Importer(815301076,1909f56bfc062723c751e8b465ee728b)  -> (artifact id: 'fa980c6dd149f5c192caf73deb6ef39a') in 0.018268 seconds
Number of updated asset objects reloaded before import = 0
Number of asset objects unloaded after import = 1
========================================================================
Received Import Request.
  Time since last request: 5.806559 seconds.
  path: Assets/NatureMorte/Lemon.mat
  artifactKey: Guid(bc3675f9e8c5b1a4a8a3f6ec51f7067c) Importer(815301076,1909f56bfc062723c751e8b465ee728b)
Start importing Assets/NatureMorte/Lemon.mat using Guid(bc3675f9e8c5b1a4a8a3f6ec51f7067c) Importer(815301076,1909f56bfc062723c751e8b465ee728b)  -> (artifact id: 'bcdcfe4b3003c90ef3abecd927f02421') in 0.017779 seconds
Number of updated asset objects reloaded before import = 0
Number of asset objects unloaded after import = 1
========================================================================
Received Import Request.
  Time since last request: 36.589269 seconds.
  path: Assets/NatureMorte/Lemon.mat
  artifactKey: Guid(bc3675f9e8c5b1a4a8a3f6ec51f7067c) Importer(815301076,1909f56bfc062723c751e8b465ee728b)
Start importing Assets/NatureMorte/Lemon.mat using Guid(bc3675f9e8c5b1a4a8a3f6ec51f7067c) Importer(815301076,1909f56bfc062723c751e8b465ee728b)  -> (artifact id: 'a5503216fdb04433504d699c16c2f89a') in 0.015680 seconds
Number of updated asset objects reloaded before import = 0
Number of asset objects unloaded after import = 1
========================================================================
Received Import Request.
  Time since last request: 39.538071 seconds.
  path: Assets/NatureMorte/floor.png
  artifactKey: Guid(06b99f2ad601c954aa7153bf28c9a598) Importer(815301076,1909f56bfc062723c751e8b465ee728b)
Start importing Assets/NatureMorte/floor.png using Guid(06b99f2ad601c954aa7153bf28c9a598) Importer(815301076,1909f56bfc062723c751e8b465ee728b)  -> (artifact id: '6143a0b3b103ac61e5cbed42fbaa2690') in 0.025914 seconds
Number of updated asset objects reloaded before import = 0
Number of asset objects unloaded after import = 2
========================================================================
Received Import Request.
  Time since last request: 0.000128 seconds.
  path: Assets/NatureMorte/table_col.png
  artifactKey: Guid(adfe9d6f0b597c544983b7a9ba2d206b) Importer(815301076,1909f56bfc062723c751e8b465ee728b)
Start importing Assets/NatureMorte/table_col.png using Guid(adfe9d6f0b597c544983b7a9ba2d206b) Importer(815301076,1909f56bfc062723c751e8b465ee728b)  -> (artifact id: 'b2030aa4bd3a35cb9a022f7ed7134ce7') in 0.023890 seconds
Number of updated asset objects reloaded before import = 0
Number of asset objects unloaded after import = 2
========================================================================
Received Import Request.
  Time since last request: 0.000027 seconds.
  path: Assets/NatureMorte/potato tex.png
  artifactKey: Guid(43e970765e28ef64797290e9a5079bf7) Importer(815301076,1909f56bfc062723c751e8b465ee728b)
Start importing Assets/NatureMorte/potato tex.png using Guid(43e970765e28ef64797290e9a5079bf7) Importer(815301076,1909f56bfc062723c751e8b465ee728b)  -> (artifact id: '467578c8ed9be57d3b885568f92005bc') in 0.024867 seconds
Number of updated asset objects reloaded before import = 0
Number of asset objects unloaded after import = 2
========================================================================
Received Import Request.
  Time since last request: 1276.667841 seconds.
  path: Assets/My Content/Player/Zoli_Material.mat
  artifactKey: Guid(67baacb8e3fd080459a0738065783be8) Importer(815301076,1909f56bfc062723c751e8b465ee728b)
Start importing Assets/My Content/Player/Zoli_Material.mat using Guid(67baacb8e3fd080459a0738065783be8) Importer(815301076,1909f56bfc062723c751e8b465ee728b)  -> (artifact id: '145fb7c0c4ad0e90e78a90209254618b') in 0.021164 seconds
Number of updated asset objects reloaded before import = 0
Number of asset objects unloaded after import = 1
========================================================================
Received Import Request.
  Time since last request: 0.025806 seconds.
  path: Assets/TextMesh Pro/Examples & Extras/Resources/Fonts & Materials/Roboto-Bold SDF.asset
  artifactKey: Guid(5302535af1044152a457ed104f1f4b91) Importer(815301076,1909f56bfc062723c751e8b465ee728b)
Start importing Assets/TextMesh Pro/Examples & Extras/Resources/Fonts & Materials/Roboto-Bold SDF.asset using Guid(5302535af1044152a457ed104f1f4b91) Importer(815301076,1909f56bfc062723c751e8b465ee728b)  -> (artifact id: '69a762b05dcaff74dcb7e9b7117b086d') in 0.111854 seconds
Number of updated asset objects reloaded before import = 0
Number of asset objects unloaded after import = 6
========================================================================
Received Import Request.
  Time since last request: 0.243328 seconds.
  path: Assets/TextMesh Pro/Examples & Extras/Resources/Fonts & Materials/Roboto-Bold SDF - Drop Shadow.mat
  artifactKey: Guid(b246c4190f4e46ec9352fe15a7b09ce0) Importer(815301076,1909f56bfc062723c751e8b465ee728b)
Start importing Assets/TextMesh Pro/Examples & Extras/Resources/Fonts & Materials/Roboto-Bold SDF - Drop Shadow.mat using Guid(b246c4190f4e46ec9352fe15a7b09ce0) Importer(815301076,1909f56bfc062723c751e8b465ee728b)  -> (artifact id: 'bd3762490403f98175baea1340646c08') in 0.040673 seconds
Number of updated asset objects reloaded before import = 0
Number of asset objects unloaded after import = 2
========================================================================
Received Import Request.
  Time since last request: 0.031891 seconds.
  path: Assets/TextMesh Pro/Examples & Extras/Resources/Fonts & Materials/Oswald Bold SDF.asset
  artifactKey: Guid(0161d805a3764c089bef00bfe00793f5) Importer(815301076,1909f56bfc062723c751e8b465ee728b)
Start importing Assets/TextMesh Pro/Examples & Extras/Resources/Fonts & Materials/Oswald Bold SDF.asset using Guid(0161d805a3764c089bef00bfe00793f5) Importer(815301076,1909f56bfc062723c751e8b465ee728b)  -> (artifact id: '593b82a3e7e685df0c5bd02ea7488fa4') in 0.027648 seconds
Number of updated asset objects reloaded before import = 0
Number of asset objects unloaded after import = 6
========================================================================
Received Import Request.
  Time since last request: 0.332025 seconds.
  path: Assets/TextMesh Pro/Resources/Fonts & Materials/LiberationSans SDF.asset
  artifactKey: Guid(8f586378b4e144a9851e7b34d9b748ee) Importer(815301076,1909f56bfc062723c751e8b465ee728b)
Start importing Assets/TextMesh Pro/Resources/Fonts & Materials/LiberationSans SDF.asset using Guid(8f586378b4e144a9851e7b34d9b748ee) Importer(815301076,1909f56bfc062723c751e8b465ee728b)  -> (artifact id: '54c57fd990f40acaca41d2c4f15025bf') in 0.048168 seconds
Number of updated asset objects reloaded before import = 0
Number of asset objects unloaded after import = 9
========================================================================
Received Import Request.
  Time since last request: 0.000019 seconds.
  path: Assets/TextMesh Pro/Resources/Fonts & Materials/LiberationSans SDF - Fallback.asset
  artifactKey: Guid(2e498d1c8094910479dc3e1b768306a4) Importer(815301076,1909f56bfc062723c751e8b465ee728b)
Start importing Assets/TextMesh Pro/Resources/Fonts & Materials/LiberationSans SDF - Fallback.asset using Guid(2e498d1c8094910479dc3e1b768306a4) Importer(815301076,1909f56bfc062723c751e8b465ee728b)  -> (artifact id: '025c4b354585c18e90e1659460530dc1') in 0.022923 seconds
Number of updated asset objects reloaded before import = 0
Number of asset objects unloaded after import = 6
========================================================================
Received Import Request.
  Time since last request: 0.274435 seconds.
  path: Assets/TextMesh Pro/Resources/Fonts & Materials/LiberationSans SDF - Outline.mat
  artifactKey: Guid(79459efec17a4d00a321bdcc27bbc385) Importer(815301076,1909f56bfc062723c751e8b465ee728b)
Start importing Assets/TextMesh Pro/Resources/Fonts & Materials/LiberationSans SDF - Outline.mat using Guid(79459efec17a4d00a321bdcc27bbc385) Importer(815301076,1909f56bfc062723c751e8b465ee728b)  -> (artifact id: '262e978c7c8cc5d788f5b9cae71750d8') in 0.047606 seconds
Number of updated asset objects reloaded before import = 0
Number of asset objects unloaded after import = 2
========================================================================
Received Import Request.
  Time since last request: 0.000022 seconds.
  path: Assets/TextMesh Pro/Examples & Extras/Resources/Fonts & Materials/LiberationSans SDF - Metalic Green.mat
  artifactKey: Guid(8b29aaa3eec7468097ff07adfcf29ac9) Importer(815301076,1909f56bfc062723c751e8b465ee728b)
Start importing Assets/TextMesh Pro/Examples & Extras/Resources/Fonts & Materials/LiberationSans SDF - Metalic Green.mat using Guid(8b29aaa3eec7468097ff07adfcf29ac9) Importer(815301076,1909f56bfc062723c751e8b465ee728b)  -> (artifact id: '61b063ccd1829d644f22dd7f3eb6c73e') in 0.062125 seconds
Number of updated asset objects reloaded before import = 0
Number of asset objects unloaded after import = 4
========================================================================
Received Import Request.
  Time since last request: 0.000027 seconds.
  path: Assets/TextMesh Pro/Examples & Extras/Materials/Ground - Logo Scene.mat
  artifactKey: Guid(c719e38f25a9480abd2480ab621a2949) Importer(815301076,1909f56bfc062723c751e8b465ee728b)
Start importing Assets/TextMesh Pro/Examples & Extras/Materials/Ground - Logo Scene.mat using Guid(c719e38f25a9480abd2480ab621a2949) Importer(815301076,1909f56bfc062723c751e8b465ee728b)  -> (artifact id: '909e760e1cf587d2230ac3c93552cfc3') in 0.015771 seconds
Number of updated asset objects reloaded before import = 0
Number of asset objects unloaded after import = 2
========================================================================
Received Import Request.
  Time since last request: 0.440626 seconds.
  path: Assets/TextMesh Pro/Examples & Extras/Fonts/Anton.ttf
  artifactKey: Guid(997a43b767814dd0a7642ec9b78cba41) Importer(815301076,1909f56bfc062723c751e8b465ee728b)
Start importing Assets/TextMesh Pro/Examples & Extras/Fonts/Anton.ttf using Guid(997a43b767814dd0a7642ec9b78cba41) Importer(815301076,1909f56bfc062723c751e8b465ee728b)  -> (artifact id: 'e9f14033b84d77025a5fbc24bc4dbf86') in 0.022086 seconds
Number of updated asset objects reloaded before import = 0
Number of asset objects unloaded after import = 4
========================================================================
Received Import Request.
  Time since last request: 0.000015 seconds.
  path: Assets/TextMesh Pro/Examples & Extras/Fonts/Oswald-Bold.ttf
  artifactKey: Guid(c9f6d0e7bc8541498c9a4799ba184ede) Importer(815301076,1909f56bfc062723c751e8b465ee728b)
Start importing Assets/TextMesh Pro/Examples & Extras/Fonts/Oswald-Bold.ttf using Guid(c9f6d0e7bc8541498c9a4799ba184ede) Importer(815301076,1909f56bfc062723c751e8b465ee728b)  -> (artifact id: '294d8b1710dc942a6654edea9fab0fea') in 0.011347 seconds
Number of updated asset objects reloaded before import = 0
Number of asset objects unloaded after import = 4
========================================================================
Received Import Request.
  Time since last request: 0.000034 seconds.
  path: Assets/TextMesh Pro/Examples & Extras/Fonts/Electronic Highway Sign.TTF
  artifactKey: Guid(8a2b9e2a607dd2143b58c44bc32410b4) Importer(815301076,1909f56bfc062723c751e8b465ee728b)
Start importing Assets/TextMesh Pro/Examples & Extras/Fonts/Electronic Highway Sign.TTF using Guid(8a2b9e2a607dd2143b58c44bc32410b4) Importer(815301076,1909f56bfc062723c751e8b465ee728b)  -> (artifact id: 'c7f305e02e39be85e2631c4793c8812a') in 0.012036 seconds
Number of updated asset objects reloaded before import = 0
Number of asset objects unloaded after import = 4
========================================================================
Received Import Request.
  Time since last request: 0.024413 seconds.
  path: Assets/TextMesh Pro/Examples & Extras/Resources/Fonts & Materials/Bangers SDF - Outline.mat
  artifactKey: Guid(f629c6e43dba4bf38cb74d8860150664) Importer(815301076,1909f56bfc062723c751e8b465ee728b)
Start importing Assets/TextMesh Pro/Examples & Extras/Resources/Fonts & Materials/Bangers SDF - Outline.mat using Guid(f629c6e43dba4bf38cb74d8860150664) Importer(815301076,1909f56bfc062723c751e8b465ee728b)  -> (artifact id: 'd0860774756e1be1711cfcabcf478247') in 0.007562 seconds
Number of updated asset objects reloaded before import = 0
Number of asset objects unloaded after import = 2
========================================================================
Received Import Request.
  Time since last request: 0.000014 seconds.
  path: Assets/My Content/Player/ChangeLevelMat.mat
  artifactKey: Guid(e1ae6e54675559643831c1ec1b6d8709) Importer(815301076,1909f56bfc062723c751e8b465ee728b)
Start importing Assets/My Content/Player/ChangeLevelMat.mat using Guid(e1ae6e54675559643831c1ec1b6d8709) Importer(815301076,1909f56bfc062723c751e8b465ee728b)  -> (artifact id: 'db79d5c315ac42be52c459cbea6b7590') in 0.013521 seconds
Number of updated asset objects reloaded before import = 0
Number of asset objects unloaded after import = 1
========================================================================
Received Import Request.
  Time since last request: 0.000070 seconds.
  path: Assets/TextMesh Pro/Examples & Extras/Resources/Fonts & Materials/Bangers SDF.asset
  artifactKey: Guid(125cb55b44b24c4393181402bc6200e6) Importer(815301076,1909f56bfc062723c751e8b465ee728b)
Start importing Assets/TextMesh Pro/Examples & Extras/Resources/Fonts & Materials/Bangers SDF.asset using Guid(125cb55b44b24c4393181402bc6200e6) Importer(815301076,1909f56bfc062723c751e8b465ee728b)  -> (artifact id: '4baced0df84e5676620d82e122fce073') in 0.019831 seconds
Number of updated asset objects reloaded before import = 0
Number of asset objects unloaded after import = 6
========================================================================
Received Import Request.
  Time since last request: 0.000050 seconds.
  path: Assets/TextMesh Pro/Examples & Extras/Resources/Fonts & Materials/Anton SDF.asset
  artifactKey: Guid(8a89fa14b10d46a99122fd4f73fca9a2) Importer(815301076,1909f56bfc062723c751e8b465ee728b)
Start importing Assets/TextMesh Pro/Examples & Extras/Resources/Fonts & Materials/Anton SDF.asset using Guid(8a89fa14b10d46a99122fd4f73fca9a2) Importer(815301076,1909f56bfc062723c751e8b465ee728b)  -> (artifact id: '0f07e31006cf5c240929ab1921e7a80c') in 0.018274 seconds
Number of updated asset objects reloaded before import = 0
Number of asset objects unloaded after import = 6
========================================================================
Received Import Request.
  Time since last request: 0.000018 seconds.
  path: Assets/TextMesh Pro/Examples & Extras/Resources/Fonts & Materials/Anton SDF - Drop Shadow.mat
  artifactKey: Guid(749b9069dc4742c5bfa5c74644049926) Importer(815301076,1909f56bfc062723c751e8b465ee728b)
Start importing Assets/TextMesh Pro/Examples & Extras/Resources/Fonts & Materials/Anton SDF - Drop Shadow.mat using Guid(749b9069dc4742c5bfa5c74644049926) Importer(815301076,1909f56bfc062723c751e8b465ee728b)  -> (artifact id: 'adac4150b83544ca90ae15e6a24b8519') in 0.008044 seconds
Number of updated asset objects reloaded before import = 0
Number of asset objects unloaded after import = 2
========================================================================
Received Import Request.
  Time since last request: 0.000017 seconds.
  path: Assets/TextMesh Pro/Examples & Extras/Materials/Crate - Surface Shader Scene.mat
  artifactKey: Guid(e6b9b44320f4448d9d5e0ee634259966) Importer(815301076,1909f56bfc062723c751e8b465ee728b)
Start importing Assets/TextMesh Pro/Examples & Extras/Materials/Crate - Surface Shader Scene.mat using Guid(e6b9b44320f4448d9d5e0ee634259966) Importer(815301076,1909f56bfc062723c751e8b465ee728b)  -> (artifact id: 'fffcd38ff2087a5441c42bce2f839441') in 0.050200 seconds
Number of updated asset objects reloaded before import = 0
Number of asset objects unloaded after import = 3
========================================================================
Received Import Request.
  Time since last request: 0.000078 seconds.
  path: Assets/TextMesh Pro/Examples & Extras/Resources/Fonts & Materials/Bangers SDF Logo.mat
  artifactKey: Guid(f4e195ac1e204eff960149d1cb34e18c) Importer(815301076,1909f56bfc062723c751e8b465ee728b)
Start importing Assets/TextMesh Pro/Examples & Extras/Resources/Fonts & Materials/Bangers SDF Logo.mat using Guid(f4e195ac1e204eff960149d1cb34e18c) Importer(815301076,1909f56bfc062723c751e8b465ee728b)  -> (artifact id: 'bc34f16a2ff76199fb5727c5b1c724e6') in 0.092256 seconds
Number of updated asset objects reloaded before import = 0
Number of asset objects unloaded after import = 4
========================================================================
Received Import Request.
  Time since last request: 304.706748 seconds.
  path: Assets/NatureMorte/Material.mat
  artifactKey: Guid(91ef8b594b8cf604ea42affad6704439) Importer(815301076,1909f56bfc062723c751e8b465ee728b)
Start importing Assets/NatureMorte/Material.mat using Guid(91ef8b594b8cf604ea42affad6704439) Importer(815301076,1909f56bfc062723c751e8b465ee728b)  -> (artifact id: '6456b02b1b9e6f12eae7f79901a95443') in 0.024429 seconds
Number of updated asset objects reloaded before import = 0
Number of asset objects unloaded after import = 2
========================================================================
Received Import Request.
  Time since last request: 201.910494 seconds.
  path: Assets/NatureMorte/Mat
  artifactKey: Guid(5ddbf380649c19b498637f7f535d16b2) Importer(815301076,1909f56bfc062723c751e8b465ee728b)
Start importing Assets/NatureMorte/Mat using Guid(5ddbf380649c19b498637f7f535d16b2) Importer(815301076,1909f56bfc062723c751e8b465ee728b)  -> (artifact id: 'e2783dba45566c603895cd5b1c644bcd') in 0.000825 seconds
Number of updated asset objects reloaded before import = 0
Number of asset objects unloaded after import = 0
