Using pre-set license
Built from '2022.3/staging' branch; Version is '2022.3.10f1 (ff3792e53c62) revision 16725906'; Using compiler version '192829333'; Build Type 'Release'
OS: 'Windows 11  (10.0.22631) 64bit Professional' Language: 'fr' Physical Memory: 32468 MB
BatchMode: 1, IsHumanControllingUs: 0, StartBugReporterOnCrash: 0, Is64bit: 1, IsPro: 1

COMMAND LINE ARGUMENTS:
C:\Program Files\Unity\Hub\Editor\2022.3.10f1\Editor\Unity.exe
-adb2
-batchMode
-noUpm
-name
AssetImportWorker1
-projectPath
C:/Users/Loic/Documents/GitHub/SEPHIRA-03/SEPHIRA-03/Collectables_Unity-MAHEO-Loick
-logFile
Logs/AssetImportWorker1.log
-srvPort
58061
Successfully changed project path to: C:/Users/Loic/Documents/GitHub/SEPHIRA-03/SEPHIRA-03/Collectables_Unity-MAHEO-Loick
C:/Users/Loic/Documents/GitHub/SEPHIRA-03/SEPHIRA-03/Collectables_Unity-MAHEO-Loick
[UnityMemory] Configuration Parameters - Can be set up in boot.config
    "memorysetup-bucket-allocator-granularity=16"
    "memorysetup-bucket-allocator-bucket-count=8"
    "memorysetup-bucket-allocator-block-size=33554432"
    "memorysetup-bucket-allocator-block-count=8"
    "memorysetup-main-allocator-block-size=16777216"
    "memorysetup-thread-allocator-block-size=16777216"
    "memorysetup-gfx-main-allocator-block-size=16777216"
    "memorysetup-gfx-thread-allocator-block-size=16777216"
    "memorysetup-cache-allocator-block-size=4194304"
    "memorysetup-typetree-allocator-block-size=2097152"
    "memorysetup-profiler-bucket-allocator-granularity=16"
    "memorysetup-profiler-bucket-allocator-bucket-count=8"
    "memorysetup-profiler-bucket-allocator-block-size=33554432"
    "memorysetup-profiler-bucket-allocator-block-count=8"
    "memorysetup-profiler-allocator-block-size=16777216"
    "memorysetup-profiler-editor-allocator-block-size=1048576"
    "memorysetup-temp-allocator-size-main=16777216"
    "memorysetup-job-temp-allocator-block-size=2097152"
    "memorysetup-job-temp-allocator-block-size-background=1048576"
    "memorysetup-job-temp-allocator-reduction-small-platforms=262144"
    "memorysetup-allocator-temp-initial-block-size-main=262144"
    "memorysetup-allocator-temp-initial-block-size-worker=262144"
    "memorysetup-temp-allocator-size-background-worker=32768"
    "memorysetup-temp-allocator-size-job-worker=262144"
    "memorysetup-temp-allocator-size-preload-manager=33554432"
    "memorysetup-temp-allocator-size-nav-mesh-worker=65536"
    "memorysetup-temp-allocator-size-audio-worker=65536"
    "memorysetup-temp-allocator-size-cloud-worker=32768"
    "memorysetup-temp-allocator-size-gi-baking-worker=262144"
    "memorysetup-temp-allocator-size-gfx=262144"
Player connection [22000] Host "[IP] 192.168.1.11 [Port] 0 [Flags] 2 [Guid] 2136495641 [EditorId] 2136495641 [Version] 1048832 [Id] WindowsEditor(7,MSI) [Debug] 1 [PackageName] WindowsEditor [ProjectName] Editor" joined multi-casting on [225.0.0.222:54997]...

Player connection [22000] Host "[IP] 192.168.1.11 [Port] 0 [Flags] 2 [Guid] 2136495641 [EditorId] 2136495641 [Version] 1048832 [Id] WindowsEditor(7,MSI) [Debug] 1 [PackageName] WindowsEditor [ProjectName] Editor" joined alternative multi-casting on [225.0.0.222:34997]...

[Physics::Module] Initialized MultithreadedJobDispatcher with 19 workers.
Refreshing native plugins compatible for Editor in 10.49 ms, found 3 plugins.
Preloading 0 native plugins for Editor in 0.00 ms.
Initialize engine version: 2022.3.10f1 (ff3792e53c62)
[Subsystems] Discovering subsystems at path C:/Program Files/Unity/Hub/Editor/2022.3.10f1/Editor/Data/Resources/UnitySubsystems
[Subsystems] Discovering subsystems at path C:/Users/Loic/Documents/GitHub/SEPHIRA-03/SEPHIRA-03/Collectables_Unity-MAHEO-Loick/Assets
GfxDevice: creating device client; threaded=0; jobified=0
Direct3D:
    Version:  Direct3D 11.0 [level 11.1]
    Renderer: NVIDIA GeForce RTX 3080 Laptop GPU (ID=0x249c)
    Vendor:   NVIDIA
    VRAM:     8032 MB
    Driver:   31.0.15.4665
Initialize mono
Mono path[0] = 'C:/Program Files/Unity/Hub/Editor/2022.3.10f1/Editor/Data/Managed'
Mono path[1] = 'C:/Program Files/Unity/Hub/Editor/2022.3.10f1/Editor/Data/MonoBleedingEdge/lib/mono/unityjit-win32'
Mono config path = 'C:/Program Files/Unity/Hub/Editor/2022.3.10f1/Editor/Data/MonoBleedingEdge/etc'
Using monoOptions --debugger-agent=transport=dt_socket,embedding=1,server=y,suspend=n,address=127.0.0.1:56956
Begin MonoManager ReloadAssembly
Registering precompiled unity dll's ...
Register platform support module: C:/Program Files/Unity/Hub/Editor/2022.3.10f1/Editor/Data/PlaybackEngines/WindowsStandaloneSupport/UnityEditor.WindowsStandalone.Extensions.dll
Registered in 0.009362 seconds.
- Loaded All Assemblies, in  0.411 seconds
Native extension for WindowsStandalone target not found
Mono: successfully reloaded assembly
- Finished resetting the current domain, in  0.264 seconds
Domain Reload Profiling: 673ms
	BeginReloadAssembly (132ms)
		ExecutionOrderSort (0ms)
		DisableScriptedObjects (0ms)
		BackupInstance (0ms)
		ReleaseScriptingObjects (0ms)
		CreateAndSetChildDomain (1ms)
	RebuildCommonClasses (41ms)
	RebuildNativeTypeToScriptingClass (13ms)
	initialDomainReloadingComplete (71ms)
	LoadAllAssembliesAndSetupDomain (152ms)
		LoadAssemblies (131ms)
		RebuildTransferFunctionScriptingTraits (0ms)
		AnalyzeDomain (148ms)
			TypeCache.Refresh (146ms)
				TypeCache.ScanAssembly (133ms)
			ScanForSourceGeneratedMonoScriptInfo (0ms)
			ResolveRequiredComponents (1ms)
	FinalizeReload (264ms)
		ReleaseScriptCaches (0ms)
		RebuildScriptCaches (0ms)
		SetupLoadedEditorAssemblies (204ms)
			LogAssemblyErrors (0ms)
			InitializePlatformSupportModulesInManaged (11ms)
			SetLoadedEditorAssemblies (9ms)
			RefreshPlugins (0ms)
			BeforeProcessingInitializeOnLoad (3ms)
			ProcessInitializeOnLoadAttributes (133ms)
			ProcessInitializeOnLoadMethodAttributes (49ms)
			AfterProcessingInitializeOnLoad (0ms)
			EditorAssembliesLoaded (0ms)
		ExecutionOrderSort2 (0ms)
		AwakeInstancesAfterBackupRestoration (0ms)
========================================================================
Worker process is ready to serve import requests
Begin MonoManager ReloadAssembly
- Loaded All Assemblies, in  0.718 seconds
Refreshing native plugins compatible for Editor in 4.18 ms, found 3 plugins.
Native extension for WindowsStandalone target not found
Package Manager log level set to [2]
[Package Manager] Server::EnsureServerProcessIsRunning -- launch failed, reason: Unity was launched with the -noUpm command-line argument
[Package Manager] UpmClient::Send -- Unable to send message (not connected to UPM process).
[Package Manager] Cannot connect to Unity Package Manager local server
Mono: successfully reloaded assembly
- Finished resetting the current domain, in  0.659 seconds
Domain Reload Profiling: 1375ms
	BeginReloadAssembly (173ms)
		ExecutionOrderSort (0ms)
		DisableScriptedObjects (6ms)
		BackupInstance (0ms)
		ReleaseScriptingObjects (0ms)
		CreateAndSetChildDomain (22ms)
	RebuildCommonClasses (43ms)
	RebuildNativeTypeToScriptingClass (12ms)
	initialDomainReloadingComplete (49ms)
	LoadAllAssembliesAndSetupDomain (438ms)
		LoadAssemblies (356ms)
		RebuildTransferFunctionScriptingTraits (0ms)
		AnalyzeDomain (189ms)
			TypeCache.Refresh (167ms)
				TypeCache.ScanAssembly (151ms)
			ScanForSourceGeneratedMonoScriptInfo (16ms)
			ResolveRequiredComponents (4ms)
	FinalizeReload (660ms)
		ReleaseScriptCaches (0ms)
		RebuildScriptCaches (0ms)
		SetupLoadedEditorAssemblies (483ms)
			LogAssemblyErrors (0ms)
			InitializePlatformSupportModulesInManaged (8ms)
			SetLoadedEditorAssemblies (4ms)
			RefreshPlugins (0ms)
			BeforeProcessingInitializeOnLoad (72ms)
			ProcessInitializeOnLoadAttributes (369ms)
			ProcessInitializeOnLoadMethodAttributes (22ms)
			AfterProcessingInitializeOnLoad (8ms)
			EditorAssembliesLoaded (0ms)
		ExecutionOrderSort2 (0ms)
		AwakeInstancesAfterBackupRestoration (8ms)
Launched and connected shader compiler UnityShaderCompiler.exe after 0.06 seconds
Refreshing native plugins compatible for Editor in 7.21 ms, found 3 plugins.
Preloading 0 native plugins for Editor in 0.00 ms.
Unloading 3125 Unused Serialized files (Serialized files now loaded: 0)
Unloading 31 unused Assets / (56.4 KB). Loaded Objects now: 3590.
Memory consumption went from 119.8 MB to 119.8 MB.
Total: 6.689200 ms (FindLiveObjects: 0.305200 ms CreateObjectMapping: 0.319800 ms MarkObjects: 5.880800 ms  DeleteObjects: 0.180800 ms)

AssetImportParameters requested are different than current active one (requested -> active):
  custom:container-demuxer-ogg: 62fdf1f143b41e24485cea50d1cbac27 -> 
  custom:video-decoder-ogg-theora: a1e56fd34408186e4bbccfd4996cb3dc -> 
  custom:framework-win-MediaFoundation: 216162199b28c13a410421893ffa2e32 -> 
  custom:container-demuxer-webm: 4f35f7cbe854078d1ac9338744f61a02 -> 
  custom:container-muxer-webm: aa71ff27fc2769a1b78a27578f13a17b -> 
  custom:video-decoder-webm-vp8: 9c59270c3fd7afecdb556c50c9e8de78 -> 
  custom:SearchIndexIgnoredProperties: e643bd26f0fe6173181afceb89e7c659 -> 
  custom:AudioImporter_EditorPlatform: d09bf68614088b80899f8185d706f6e7 -> 
  custom:video-encoder-webm-vp8: eb34c28f22e8b96e1ab97ce403110664 -> 
  custom:audio-decoder-ogg-vorbis: bf7c407c2cedff20999df2af8eb42d56 -> 
  custom:audio-encoder-webm-vorbis: bf7c407c2cedff20999df2af8eb42d56 -> 
========================================================================
Received Import Request.
  Time since last request: 101506.486307 seconds.
  path: Assets/Scenes/Green.mat
  artifactKey: Guid(eb352d4fd5efe164dbf9ccfdae5b5b59) Importer(815301076,1909f56bfc062723c751e8b465ee728b)
Start importing Assets/Scenes/Green.mat using Guid(eb352d4fd5efe164dbf9ccfdae5b5b59) Importer(815301076,1909f56bfc062723c751e8b465ee728b)  -> (artifact id: '6cc5f5c457d6cb1e4383d8cd744072b1') in 0.164586 seconds
Number of updated asset objects reloaded before import = 0
Number of asset objects unloaded after import = 1
========================================================================
Received Prepare
Refreshing native plugins compatible for Editor in 3.38 ms, found 3 plugins.
Preloading 0 native plugins for Editor in 0.00 ms.
Unloading 0 Unused Serialized files (Serialized files now loaded: 0)
Unloading 1 unused Assets / (0.8 KB). Loaded Objects now: 3632.
Memory consumption went from 72.2 MB to 72.2 MB.
Total: 3.616600 ms (FindLiveObjects: 0.206300 ms CreateObjectMapping: 0.088400 ms MarkObjects: 3.294000 ms  DeleteObjects: 0.026500 ms)

Prepare: number of updated asset objects reloaded= 0
AssetImportParameters requested are different than current active one (requested -> active):
  custom:container-demuxer-ogg: 62fdf1f143b41e24485cea50d1cbac27 -> 
  custom:video-decoder-ogg-theora: a1e56fd34408186e4bbccfd4996cb3dc -> 
  custom:framework-win-MediaFoundation: 216162199b28c13a410421893ffa2e32 -> 
  custom:CustomObjectIndexerAttribute: 756ad292c208cfabdd7b50bc23989ffe -> 
  custom:container-demuxer-webm: 4f35f7cbe854078d1ac9338744f61a02 -> 
  custom:container-muxer-webm: aa71ff27fc2769a1b78a27578f13a17b -> 
  custom:video-decoder-webm-vp8: 9c59270c3fd7afecdb556c50c9e8de78 -> 
  custom:SearchIndexIgnoredProperties: e643bd26f0fe6173181afceb89e7c659 -> 
  custom:AudioImporter_EditorPlatform: d09bf68614088b80899f8185d706f6e7 -> 
  custom:video-encoder-webm-vp8: eb34c28f22e8b96e1ab97ce403110664 -> 
  custom:audio-decoder-ogg-vorbis: bf7c407c2cedff20999df2af8eb42d56 -> 
  custom:audio-encoder-webm-vorbis: bf7c407c2cedff20999df2af8eb42d56 -> 
========================================================================
Received Import Request.
  Time since last request: 40.619483 seconds.
  path: Assets/Scenes/SampleScene 1.unity
  artifactKey: Guid(fc87bd9f9a30c7f48bf38440eb96d2ef) Importer(815301076,1909f56bfc062723c751e8b465ee728b)
Start importing Assets/Scenes/SampleScene 1.unity using Guid(fc87bd9f9a30c7f48bf38440eb96d2ef) Importer(815301076,1909f56bfc062723c751e8b465ee728b)  -> (artifact id: '04d489f3034963fab191e7e49730dcf1') in 0.001077 seconds
Number of updated asset objects reloaded before import = 0
Number of asset objects unloaded after import = 0
========================================================================
Received Import Request.
  Time since last request: 346.380608 seconds.
  path: Assets/NatureMorte/Banana.FBX
  artifactKey: Guid(70b4ef7c1994bb44fb3f5c1a659eaa21) Importer(815301076,1909f56bfc062723c751e8b465ee728b)
Start importing Assets/NatureMorte/Banana.FBX using Guid(70b4ef7c1994bb44fb3f5c1a659eaa21) Importer(815301076,1909f56bfc062723c751e8b465ee728b)  -> (artifact id: 'f13da7aea12ff43e37a04f5191a8f873') in 0.075250 seconds
Number of updated asset objects reloaded before import = 0
Number of asset objects unloaded after import = 8
========================================================================
Received Import Request.
  Time since last request: 0.000031 seconds.
  path: Assets/NatureMorte/Kettle_Normal.png
  artifactKey: Guid(887a6f49d54f55944829738ecbf1a58d) Importer(815301076,1909f56bfc062723c751e8b465ee728b)
Start importing Assets/NatureMorte/Kettle_Normal.png using Guid(887a6f49d54f55944829738ecbf1a58d) Importer(815301076,1909f56bfc062723c751e8b465ee728b)  -> (artifact id: '57c3b1f73d9e2418fb937ce4cb583b5e') in 0.032331 seconds
Number of updated asset objects reloaded before import = 0
Number of asset objects unloaded after import = 2
========================================================================
Received Import Request.
  Time since last request: 0.000098 seconds.
  path: Assets/NatureMorte/Kettle_D.png
  artifactKey: Guid(977eac5845d962a4a9ee76a5cf943f83) Importer(815301076,1909f56bfc062723c751e8b465ee728b)
Start importing Assets/NatureMorte/Kettle_D.png using Guid(977eac5845d962a4a9ee76a5cf943f83) Importer(815301076,1909f56bfc062723c751e8b465ee728b)  -> (artifact id: '1b636bd71e98dd99137da35f07516add') in 0.022912 seconds
Number of updated asset objects reloaded before import = 0
Number of asset objects unloaded after import = 2
========================================================================
Received Import Request.
  Time since last request: 0.000135 seconds.
  path: Assets/NatureMorte/Plant_Albedo.png
  artifactKey: Guid(3bef645635aa93e4e87f6de434d45e9e) Importer(815301076,1909f56bfc062723c751e8b465ee728b)
Start importing Assets/NatureMorte/Plant_Albedo.png using Guid(3bef645635aa93e4e87f6de434d45e9e) Importer(815301076,1909f56bfc062723c751e8b465ee728b)  -> (artifact id: 'b7e2c5dfc560cf0656bfbef920f13624') in 0.031527 seconds
Number of updated asset objects reloaded before import = 0
Number of asset objects unloaded after import = 2
========================================================================
Received Import Request.
  Time since last request: 0.000021 seconds.
  path: Assets/NatureMorte/Kettle_F.png
  artifactKey: Guid(7c8ce7498d687ca4eb92c8371b2ffbd2) Importer(815301076,1909f56bfc062723c751e8b465ee728b)
Start importing Assets/NatureMorte/Kettle_F.png using Guid(7c8ce7498d687ca4eb92c8371b2ffbd2) Importer(815301076,1909f56bfc062723c751e8b465ee728b)  -> (artifact id: 'b672b2b89682444f59d52f64922cba41') in 0.022975 seconds
Number of updated asset objects reloaded before import = 0
Number of asset objects unloaded after import = 2
========================================================================
Received Import Request.
  Time since last request: 0.000031 seconds.
  path: Assets/NatureMorte/Plant_Normal.png
  artifactKey: Guid(30dd8f96a0a1cc946900e93a35e2be0f) Importer(815301076,1909f56bfc062723c751e8b465ee728b)
Start importing Assets/NatureMorte/Plant_Normal.png using Guid(30dd8f96a0a1cc946900e93a35e2be0f) Importer(815301076,1909f56bfc062723c751e8b465ee728b)  -> (artifact id: '0796b93b03e32906b6d2cfdfafa66a35') in 0.021817 seconds
Number of updated asset objects reloaded before import = 0
Number of asset objects unloaded after import = 2
========================================================================
Received Import Request.
  Time since last request: 0.000030 seconds.
  path: Assets/NatureMorte/Mug_Normal.png
  artifactKey: Guid(e8489f53c5dcbdc489143c86074c1af8) Importer(815301076,1909f56bfc062723c751e8b465ee728b)
Start importing Assets/NatureMorte/Mug_Normal.png using Guid(e8489f53c5dcbdc489143c86074c1af8) Importer(815301076,1909f56bfc062723c751e8b465ee728b)  -> (artifact id: '453e5fac619a116df90d4a18b8b7212f') in 0.025446 seconds
Number of updated asset objects reloaded before import = 0
Number of asset objects unloaded after import = 2
========================================================================
Received Import Request.
  Time since last request: 0.000018 seconds.
  path: Assets/NatureMorte/Pear.FBX
  artifactKey: Guid(d8136635e1a3b53419a34757cb32c5e9) Importer(815301076,1909f56bfc062723c751e8b465ee728b)
Start importing Assets/NatureMorte/Pear.FBX using Guid(d8136635e1a3b53419a34757cb32c5e9) Importer(815301076,1909f56bfc062723c751e8b465ee728b)  -> (artifact id: '5b2aac71948bf83ba708b3e0fcae5a09') in 0.050921 seconds
Number of updated asset objects reloaded before import = 0
Number of asset objects unloaded after import = 16
========================================================================
Received Import Request.
  Time since last request: 0.000023 seconds.
  path: Assets/NatureMorte/Metal_MetallicSmoothness.tif
  artifactKey: Guid(47c78ffcbc8a58e49b5d07c7e0eb01b0) Importer(815301076,1909f56bfc062723c751e8b465ee728b)
Start importing Assets/NatureMorte/Metal_MetallicSmoothness.tif using Guid(47c78ffcbc8a58e49b5d07c7e0eb01b0) Importer(815301076,1909f56bfc062723c751e8b465ee728b)  -> (artifact id: '48fcb646c6bd0010944ed716d7c49df8') in 0.021823 seconds
Number of updated asset objects reloaded before import = 0
Number of asset objects unloaded after import = 2
========================================================================
Received Import Request.
  Time since last request: 0.000025 seconds.
  path: Assets/NatureMorte/Plant.FBX
  artifactKey: Guid(13bc3aea82ebab14aa27fac12fda0cfd) Importer(815301076,1909f56bfc062723c751e8b465ee728b)
Start importing Assets/NatureMorte/Plant.FBX using Guid(13bc3aea82ebab14aa27fac12fda0cfd) Importer(815301076,1909f56bfc062723c751e8b465ee728b)  -> (artifact id: '1fc5b7f7a422cb28812387c9331adeea') in 0.236025 seconds
Number of updated asset objects reloaded before import = 0
Number of asset objects unloaded after import = 106
========================================================================
Received Import Request.
  Time since last request: 0.000023 seconds.
  path: Assets/NatureMorte/GlassVase.FBX
  artifactKey: Guid(b03054d8522a6c6408947178bda628d2) Importer(815301076,1909f56bfc062723c751e8b465ee728b)
Start importing Assets/NatureMorte/GlassVase.FBX using Guid(b03054d8522a6c6408947178bda628d2) Importer(815301076,1909f56bfc062723c751e8b465ee728b)  -> (artifact id: 'b445a5d0aa68a4bf7d166de23559ee3a') in 0.271602 seconds
Number of updated asset objects reloaded before import = 0
Number of asset objects unloaded after import = 9
========================================================================
Received Import Request.
  Time since last request: 756.683911 seconds.
  path: Assets/NatureMorte/Apple 1.mat
  artifactKey: Guid(6ae92a6460b202443bf421af43e3180b) Importer(815301076,1909f56bfc062723c751e8b465ee728b)
Start importing Assets/NatureMorte/Apple 1.mat using Guid(6ae92a6460b202443bf421af43e3180b) Importer(815301076,1909f56bfc062723c751e8b465ee728b)  -> (artifact id: 'ec79c56c11b75932a74f95fc15d87f97') in 0.017616 seconds
Number of updated asset objects reloaded before import = 0
Number of asset objects unloaded after import = 1
========================================================================
Received Import Request.
  Time since last request: 0.000080 seconds.
  path: Assets/NatureMorte/Concrete.mat
  artifactKey: Guid(bcf8773787334434fae21d27149a84f2) Importer(815301076,1909f56bfc062723c751e8b465ee728b)
Start importing Assets/NatureMorte/Concrete.mat using Guid(bcf8773787334434fae21d27149a84f2) Importer(815301076,1909f56bfc062723c751e8b465ee728b)  -> (artifact id: '95077d966c45fd574a18f468319b4d05') in 0.116531 seconds
Number of updated asset objects reloaded before import = 0
Number of asset objects unloaded after import = 4
========================================================================
Received Import Request.
  Time since last request: 122.952309 seconds.
  path: Assets/NatureMorte/Apple 2.mat
  artifactKey: Guid(b80a4db611657a043b5fa1ca3e7b93d4) Importer(815301076,1909f56bfc062723c751e8b465ee728b)
Start importing Assets/NatureMorte/Apple 2.mat using Guid(b80a4db611657a043b5fa1ca3e7b93d4) Importer(815301076,1909f56bfc062723c751e8b465ee728b)  -> (artifact id: '98716c31979c32a0bf5e0ced54aad8bc') in 0.014575 seconds
Number of updated asset objects reloaded before import = 0
Number of asset objects unloaded after import = 1
========================================================================
Received Import Request.
  Time since last request: 295.864572 seconds.
  path: Assets/NatureMorte/Banana 1.mat
  artifactKey: Guid(01dba8b5659c2d741830a75922e78a92) Importer(815301076,1909f56bfc062723c751e8b465ee728b)
Start importing Assets/NatureMorte/Banana 1.mat using Guid(01dba8b5659c2d741830a75922e78a92) Importer(815301076,1909f56bfc062723c751e8b465ee728b)  -> (artifact id: 'baa58b4dc18919f084c08ad48736f83d') in 0.039767 seconds
Number of updated asset objects reloaded before import = 0
Number of asset objects unloaded after import = 1
========================================================================
Received Import Request.
  Time since last request: 748.493672 seconds.
  path: Assets/NatureMorte/Glass.mat
  artifactKey: Guid(01dba8b5659c2d741830a75922e78a92) Importer(815301076,1909f56bfc062723c751e8b465ee728b)
Start importing Assets/NatureMorte/Glass.mat using Guid(01dba8b5659c2d741830a75922e78a92) Importer(815301076,1909f56bfc062723c751e8b465ee728b)  -> (artifact id: '85fceb637968b3deafed422e160adbb2') in 0.255223 seconds
Number of updated asset objects reloaded before import = 0
Number of asset objects unloaded after import = 3
========================================================================
Received Import Request.
  Time since last request: 72.915446 seconds.
  path: Assets/NatureMorte/Pear 1.mat
  artifactKey: Guid(e55438058e5692446b254c97eeb8f5fc) Importer(815301076,1909f56bfc062723c751e8b465ee728b)
Start importing Assets/NatureMorte/Pear 1.mat using Guid(e55438058e5692446b254c97eeb8f5fc) Importer(815301076,1909f56bfc062723c751e8b465ee728b)  -> (artifact id: '4ee448ae5e2e58816dcaa39e3eea98bb') in 0.021087 seconds
Number of updated asset objects reloaded before import = 0
Number of asset objects unloaded after import = 1
========================================================================
Received Import Request.
  Time since last request: 331.551063 seconds.
  path: Assets/NatureMorte/Plastic_Normal.tif
  artifactKey: Guid(4a41fab4e5f93f940a53a581d6ccd987) Importer(815301076,1909f56bfc062723c751e8b465ee728b)
Start importing Assets/NatureMorte/Plastic_Normal.tif using Guid(4a41fab4e5f93f940a53a581d6ccd987) Importer(815301076,1909f56bfc062723c751e8b465ee728b)  -> (artifact id: 'c59fd1fd51c59943d3669751fe91ddc5') in 0.047414 seconds
Number of updated asset objects reloaded before import = 0
Number of asset objects unloaded after import = 2
========================================================================
Received Import Request.
  Time since last request: 195.052822 seconds.
  path: Assets/NatureMorte/Bowl_textureColor.jpg
  artifactKey: Guid(7429cc7aa402de244bc6ff09fcfc9365) Importer(815301076,1909f56bfc062723c751e8b465ee728b)
Start importing Assets/NatureMorte/Bowl_textureColor.jpg using Guid(7429cc7aa402de244bc6ff09fcfc9365) Importer(815301076,1909f56bfc062723c751e8b465ee728b)  -> (artifact id: '7480ec00b1ed4a1a04fe1f864e4eabe5') in 0.029682 seconds
Number of updated asset objects reloaded before import = 0
Number of asset objects unloaded after import = 2
========================================================================
Received Import Request.
  Time since last request: 0.000029 seconds.
  path: Assets/NatureMorte/Bowl_textureTransparency.jpg
  artifactKey: Guid(89297a375c451074da252ef5c99f554a) Importer(815301076,1909f56bfc062723c751e8b465ee728b)
Start importing Assets/NatureMorte/Bowl_textureTransparency.jpg using Guid(89297a375c451074da252ef5c99f554a) Importer(815301076,1909f56bfc062723c751e8b465ee728b)  -> (artifact id: '8e60f3ad75a9c682cdf567d2d0e6a790') in 0.030744 seconds
Number of updated asset objects reloaded before import = 0
Number of asset objects unloaded after import = 2
========================================================================
Received Import Request.
  Time since last request: 246.420389 seconds.
  path: Assets/NatureMorte/Kettle.mat
  artifactKey: Guid(c0723f434cbd36948b49e07c14b4a663) Importer(815301076,1909f56bfc062723c751e8b465ee728b)
Start importing Assets/NatureMorte/Kettle.mat using Guid(c0723f434cbd36948b49e07c14b4a663) Importer(815301076,1909f56bfc062723c751e8b465ee728b)  -> (artifact id: 'e3e831111b5256989b1b152fac3be0ae') in 0.022341 seconds
Number of updated asset objects reloaded before import = 0
Number of asset objects unloaded after import = 3
========================================================================
Received Import Request.
  Time since last request: 0.000027 seconds.
  path: Assets/NatureMorte/Mug.mat
  artifactKey: Guid(8c0a260a7161c73499273cc4383bc879) Importer(815301076,1909f56bfc062723c751e8b465ee728b)
Start importing Assets/NatureMorte/Mug.mat using Guid(8c0a260a7161c73499273cc4383bc879) Importer(815301076,1909f56bfc062723c751e8b465ee728b)  -> (artifact id: 'ac60088319f776c82cc86ca74a23cedf') in 0.199567 seconds
Number of updated asset objects reloaded before import = 0
Number of asset objects unloaded after import = 4
========================================================================
Received Import Request.
  Time since last request: 103.421554 seconds.
  path: Assets/NatureMorte/Bowl.mat
  artifactKey: Guid(7e21b60439dc08348acef80e7f4d0c55) Importer(815301076,1909f56bfc062723c751e8b465ee728b)
Start importing Assets/NatureMorte/Bowl.mat using Guid(7e21b60439dc08348acef80e7f4d0c55) Importer(815301076,1909f56bfc062723c751e8b465ee728b)  -> (artifact id: '2da657093cd7454c0ddfb3f9a2297527') in 0.023602 seconds
Number of updated asset objects reloaded before import = 0
Number of asset objects unloaded after import = 1
========================================================================
Received Import Request.
  Time since last request: 605.026482 seconds.
  path: Assets/NatureMorte/Plant.mat
  artifactKey: Guid(48c670034a734994385d119ce8d28cd1) Importer(815301076,1909f56bfc062723c751e8b465ee728b)
Start importing Assets/NatureMorte/Plant.mat using Guid(48c670034a734994385d119ce8d28cd1) Importer(815301076,1909f56bfc062723c751e8b465ee728b)  -> (artifact id: 'c6e5e0ca96a128744fc5fc8a5201412c') in 0.026323 seconds
Number of updated asset objects reloaded before import = 0
Number of asset objects unloaded after import = 3
========================================================================
Received Import Request.
  Time since last request: 81.958313 seconds.
  path: Assets/NatureMorte/leaves.png
  artifactKey: Guid(01e008a1de020664587dccaff23d7d18) Importer(815301076,1909f56bfc062723c751e8b465ee728b)
Start importing Assets/NatureMorte/leaves.png using Guid(01e008a1de020664587dccaff23d7d18) Importer(815301076,1909f56bfc062723c751e8b465ee728b)  -> (artifact id: 'e3d7fea762762c0f0bd87bd8448ff7e5') in 0.028308 seconds
Number of updated asset objects reloaded before import = 0
Number of asset objects unloaded after import = 2
========================================================================
Received Import Request.
  Time since last request: 0.000083 seconds.
  path: Assets/NatureMorte/table_rou.png
  artifactKey: Guid(dd7babee050e5204eb43cbe5ac963c77) Importer(815301076,1909f56bfc062723c751e8b465ee728b)
Start importing Assets/NatureMorte/table_rou.png using Guid(dd7babee050e5204eb43cbe5ac963c77) Importer(815301076,1909f56bfc062723c751e8b465ee728b)  -> (artifact id: '7ef64dfa61c1c3b9cd0ddb39bec1413f') in 0.022177 seconds
Number of updated asset objects reloaded before import = 0
Number of asset objects unloaded after import = 2
========================================================================
Received Import Request.
  Time since last request: 0.000057 seconds.
  path: Assets/NatureMorte/table.fbx
  artifactKey: Guid(af068eb003522a64d858e48f804e0118) Importer(815301076,1909f56bfc062723c751e8b465ee728b)
Start importing Assets/NatureMorte/table.fbx using Guid(af068eb003522a64d858e48f804e0118) Importer(815301076,1909f56bfc062723c751e8b465ee728b)  -> (artifact id: '6ceee0c81d35c73b8bca5399dbc33a9f') in 0.120992 seconds
Number of updated asset objects reloaded before import = 0
Number of asset objects unloaded after import = 38
========================================================================
Received Import Request.
  Time since last request: 1276.618261 seconds.
  path: Assets/TextMesh Pro/Examples & Extras/Materials/Small Crate_diffuse.mat
  artifactKey: Guid(22262639920f43d6be32430e4e58350d) Importer(815301076,1909f56bfc062723c751e8b465ee728b)
Start importing Assets/TextMesh Pro/Examples & Extras/Materials/Small Crate_diffuse.mat using Guid(22262639920f43d6be32430e4e58350d) Importer(815301076,1909f56bfc062723c751e8b465ee728b)  -> (artifact id: '30f38c7b97fe9bd1cefc76f25f14b789') in 0.049576 seconds
Number of updated asset objects reloaded before import = 0
Number of asset objects unloaded after import = 3
========================================================================
Received Import Request.
  Time since last request: 0.306739 seconds.
  path: Assets/TextMesh Pro/Examples & Extras/Resources/Fonts & Materials/Roboto-Bold SDF - Surface.mat
  artifactKey: Guid(e6b276ec991f467aa14ef1f3cc665993) Importer(815301076,1909f56bfc062723c751e8b465ee728b)
Start importing Assets/TextMesh Pro/Examples & Extras/Resources/Fonts & Materials/Roboto-Bold SDF - Surface.mat using Guid(e6b276ec991f467aa14ef1f3cc665993) Importer(815301076,1909f56bfc062723c751e8b465ee728b)  -> (artifact id: '96a7a4c92942aaaf28b62ada3e622493') in 0.054540 seconds
Number of updated asset objects reloaded before import = 0
Number of asset objects unloaded after import = 2
========================================================================
Received Import Request.
  Time since last request: 0.378292 seconds.
  path: Assets/My Content/Player/M_Collectibles.mat
  artifactKey: Guid(4cec29bdeb889174db41d08f0b4b6d71) Importer(815301076,1909f56bfc062723c751e8b465ee728b)
Start importing Assets/My Content/Player/M_Collectibles.mat using Guid(4cec29bdeb889174db41d08f0b4b6d71) Importer(815301076,1909f56bfc062723c751e8b465ee728b)  -> (artifact id: '0a14daaf090002fa212a38779e78e6f9') in 0.017599 seconds
Number of updated asset objects reloaded before import = 0
Number of asset objects unloaded after import = 1
========================================================================
Received Import Request.
  Time since last request: 0.002109 seconds.
  path: Assets/TextMesh Pro/Examples & Extras/Resources/Fonts & Materials/LiberationSans SDF - Soft Mask.mat
  artifactKey: Guid(42df1c7856584b6b8db9a509b6b10074) Importer(815301076,1909f56bfc062723c751e8b465ee728b)
Start importing Assets/TextMesh Pro/Examples & Extras/Resources/Fonts & Materials/LiberationSans SDF - Soft Mask.mat using Guid(42df1c7856584b6b8db9a509b6b10074) Importer(815301076,1909f56bfc062723c751e8b465ee728b)  -> (artifact id: 'd62a68652d13e4ffea80836b6906b819') in 0.039679 seconds
Number of updated asset objects reloaded before import = 0
Number of asset objects unloaded after import = 3
========================================================================
Received Import Request.
  Time since last request: 0.286196 seconds.
  path: Assets/TextMesh Pro/Examples & Extras/Resources/Fonts & Materials/LiberationSans SDF - Overlay.mat
  artifactKey: Guid(9ad269c99dcf42b7aedefd83dd5a7b9d) Importer(815301076,1909f56bfc062723c751e8b465ee728b)
Start importing Assets/TextMesh Pro/Examples & Extras/Resources/Fonts & Materials/LiberationSans SDF - Overlay.mat using Guid(9ad269c99dcf42b7aedefd83dd5a7b9d) Importer(815301076,1909f56bfc062723c751e8b465ee728b)  -> (artifact id: '17820582794546a6165af49ec706a084') in 0.019283 seconds
Number of updated asset objects reloaded before import = 0
Number of asset objects unloaded after import = 2
========================================================================
Received Import Request.
  Time since last request: 0.000119 seconds.
  path: Assets/TextMesh Pro/Resources/Fonts & Materials/LiberationSans SDF - Drop Shadow.mat
  artifactKey: Guid(e73a58f6e2794ae7b1b7e50b7fb811b0) Importer(815301076,1909f56bfc062723c751e8b465ee728b)
Start importing Assets/TextMesh Pro/Resources/Fonts & Materials/LiberationSans SDF - Drop Shadow.mat using Guid(e73a58f6e2794ae7b1b7e50b7fb811b0) Importer(815301076,1909f56bfc062723c751e8b465ee728b)  -> (artifact id: '903d8abbcfc6a02666d69bb8f3bccbe2') in 0.083729 seconds
Number of updated asset objects reloaded before import = 0
Number of asset objects unloaded after import = 2
========================================================================
Received Import Request.
  Time since last request: 0.000017 seconds.
  path: Assets/TextMesh Pro/Examples & Extras/Materials/Ground - Surface Shader Scene.mat
  artifactKey: Guid(aadd5a709a48466c887296bb5b1b8110) Importer(815301076,1909f56bfc062723c751e8b465ee728b)
Start importing Assets/TextMesh Pro/Examples & Extras/Materials/Ground - Surface Shader Scene.mat using Guid(aadd5a709a48466c887296bb5b1b8110) Importer(815301076,1909f56bfc062723c751e8b465ee728b)  -> (artifact id: '66efaa4cc332e1624cef23a0b87d4e66') in 0.017187 seconds
Number of updated asset objects reloaded before import = 0
Number of asset objects unloaded after import = 2
========================================================================
Received Import Request.
  Time since last request: 0.446099 seconds.
  path: Assets/TextMesh Pro/Examples & Extras/Fonts/Bangers.ttf
  artifactKey: Guid(5dd49b3eacc540408c98eee0de38e0f1) Importer(815301076,1909f56bfc062723c751e8b465ee728b)
Start importing Assets/TextMesh Pro/Examples & Extras/Fonts/Bangers.ttf using Guid(5dd49b3eacc540408c98eee0de38e0f1) Importer(815301076,1909f56bfc062723c751e8b465ee728b)  -> (artifact id: '878869d0b4a4293b898f7fbb9189ca37') in 0.025675 seconds
Number of updated asset objects reloaded before import = 0
Number of asset objects unloaded after import = 4
========================================================================
Received Import Request.
  Time since last request: 0.000019 seconds.
  path: Assets/TextMesh Pro/Examples & Extras/Fonts/Roboto-Bold.ttf
  artifactKey: Guid(4beb055f07aaff244873dec698d0363e) Importer(815301076,1909f56bfc062723c751e8b465ee728b)
Start importing Assets/TextMesh Pro/Examples & Extras/Fonts/Roboto-Bold.ttf using Guid(4beb055f07aaff244873dec698d0363e) Importer(815301076,1909f56bfc062723c751e8b465ee728b)  -> (artifact id: 'bdc56773670ad61665a1d1468320514c') in 0.012511 seconds
Number of updated asset objects reloaded before import = 0
Number of asset objects unloaded after import = 4
========================================================================
Received Import Request.
  Time since last request: 0.000017 seconds.
  path: Assets/TextMesh Pro/Fonts/LiberationSans.ttf
  artifactKey: Guid(e3265ab4bf004d28a9537516768c1c75) Importer(815301076,1909f56bfc062723c751e8b465ee728b)
Start importing Assets/TextMesh Pro/Fonts/LiberationSans.ttf using Guid(e3265ab4bf004d28a9537516768c1c75) Importer(815301076,1909f56bfc062723c751e8b465ee728b)  -> (artifact id: '868ae7279cb8681e901fb13a12c8cb7e') in 0.011072 seconds
Number of updated asset objects reloaded before import = 0
Number of asset objects unloaded after import = 4
========================================================================
Received Import Request.
  Time since last request: 0.019362 seconds.
  path: Assets/TextMesh Pro/Examples & Extras/Resources/Fonts & Materials/Bangers SDF Glow.mat
  artifactKey: Guid(d75b8f41e959450c84ac6e967084d3e1) Importer(815301076,1909f56bfc062723c751e8b465ee728b)
Start importing Assets/TextMesh Pro/Examples & Extras/Resources/Fonts & Materials/Bangers SDF Glow.mat using Guid(d75b8f41e959450c84ac6e967084d3e1) Importer(815301076,1909f56bfc062723c751e8b465ee728b)  -> (artifact id: 'da6ea3e712d0420a8d0475c2549e08f5') in 0.041952 seconds
Number of updated asset objects reloaded before import = 0
Number of asset objects unloaded after import = 3
========================================================================
Received Import Request.
  Time since last request: 0.000017 seconds.
  path: Assets/TextMesh Pro/Examples & Extras/Resources/Fonts & Materials/Anton SDF - Sunny Days.mat
  artifactKey: Guid(6522f30e342599e4e9dd4cc2cc03c830) Importer(815301076,1909f56bfc062723c751e8b465ee728b)
Start importing Assets/TextMesh Pro/Examples & Extras/Resources/Fonts & Materials/Anton SDF - Sunny Days.mat using Guid(6522f30e342599e4e9dd4cc2cc03c830) Importer(815301076,1909f56bfc062723c751e8b465ee728b)  -> (artifact id: '4ebf6a6930c52eeb5cd2f6198e105aa5') in 0.041530 seconds
Number of updated asset objects reloaded before import = 0
Number of asset objects unloaded after import = 4
========================================================================
Received Import Request.
  Time since last request: 0.000018 seconds.
  path: Assets/TextMesh Pro/Examples & Extras/Resources/Fonts & Materials/Bangers SDF - Drop Shadow.mat
  artifactKey: Guid(f2dcf029949142e28b974630369c8b4e) Importer(815301076,1909f56bfc062723c751e8b465ee728b)
Start importing Assets/TextMesh Pro/Examples & Extras/Resources/Fonts & Materials/Bangers SDF - Drop Shadow.mat using Guid(f2dcf029949142e28b974630369c8b4e) Importer(815301076,1909f56bfc062723c751e8b465ee728b)  -> (artifact id: '6f2a653b02efa1d9078eaff99c774579') in 0.006772 seconds
Number of updated asset objects reloaded before import = 0
Number of asset objects unloaded after import = 2
========================================================================
Received Import Request.
  Time since last request: 0.000028 seconds.
  path: Assets/TextMesh Pro/Examples & Extras/Resources/Fonts & Materials/Anton SDF - Outline.mat
  artifactKey: Guid(a00013af81304728b2be1f4309ee2433) Importer(815301076,1909f56bfc062723c751e8b465ee728b)
Start importing Assets/TextMesh Pro/Examples & Extras/Resources/Fonts & Materials/Anton SDF - Outline.mat using Guid(a00013af81304728b2be1f4309ee2433) Importer(815301076,1909f56bfc062723c751e8b465ee728b)  -> (artifact id: '7b0e39d82e7cc7079b1ee1faec284401') in 0.055098 seconds
Number of updated asset objects reloaded before import = 0
Number of asset objects unloaded after import = 2
